{"C:\\projects\\2026\\neylin\\frontend\\src\\entities\\ai\\ai.api.ts": {"path":"C:\\projects\\2026\\neylin\\frontend\\src\\entities\\ai\\ai.api.ts","statementMap":{"0":{"start":{"line":103,"column":21},"end":{"line":266,"column":null}},"1":{"start":{"line":106,"column":21},"end":{"line":106,"column":null}},"2":{"start":{"line":107,"column":4},"end":{"line":107,"column":null}},"3":{"start":{"line":112,"column":4},"end":{"line":112,"column":null}},"4":{"start":{"line":116,"column":4},"end":{"line":116,"column":null}},"5":{"start":{"line":128,"column":21},"end":{"line":135,"column":null}},"6":{"start":{"line":136,"column":4},"end":{"line":136,"column":null}},"7":{"start":{"line":155,"column":4},"end":{"line":255,"column":null}},"8":{"start":{"line":157,"column":24},"end":{"line":157,"column":null}},"9":{"start":{"line":158,"column":60},"end":{"line":158,"column":null}},"10":{"start":{"line":159,"column":52},"end":{"line":159,"column":null}},"11":{"start":{"line":162,"column":6},"end":{"line":164,"column":null}},"12":{"start":{"line":163,"column":8},"end":{"line":163,"column":null}},"13":{"start":{"line":166,"column":21},"end":{"line":166,"column":null}},"14":{"start":{"line":169,"column":6},"end":{"line":174,"column":null}},"15":{"start":{"line":170,"column":8},"end":{"line":173,"column":null}},"16":{"start":{"line":171,"column":10},"end":{"line":171,"column":null}},"17":{"start":{"line":172,"column":10},"end":{"line":172,"column":null}},"18":{"start":{"line":176,"column":6},"end":{"line":254,"column":null}},"19":{"start":{"line":177,"column":25},"end":{"line":192,"column":null}},"20":{"start":{"line":194,"column":8},"end":{"line":206,"column":null}},"21":{"start":{"line":196,"column":29},"end":{"line":196,"column":null}},"22":{"start":{"line":197,"column":10},"end":{"line":204,"column":null}},"23":{"start":{"line":198,"column":30},"end":{"line":198,"column":null}},"24":{"start":{"line":199,"column":12},"end":{"line":201,"column":null}},"25":{"start":{"line":200,"column":14},"end":{"line":200,"column":null}},"26":{"start":{"line":205,"column":10},"end":{"line":205,"column":null}},"27":{"start":{"line":208,"column":23},"end":{"line":208,"column":null}},"28":{"start":{"line":209,"column":8},"end":{"line":211,"column":null}},"29":{"start":{"line":210,"column":10},"end":{"line":210,"column":null}},"30":{"start":{"line":213,"column":24},"end":{"line":213,"column":null}},"31":{"start":{"line":214,"column":21},"end":{"line":214,"column":null}},"32":{"start":{"line":216,"column":8},"end":{"line":239,"column":null}},"33":{"start":{"line":217,"column":34},"end":{"line":217,"column":null}},"34":{"start":{"line":218,"column":10},"end":{"line":220,"column":null}},"35":{"start":{"line":219,"column":12},"end":{"line":219,"column":null}},"36":{"start":{"line":222,"column":10},"end":{"line":222,"column":null}},"37":{"start":{"line":225,"column":24},"end":{"line":225,"column":null}},"38":{"start":{"line":226,"column":10},"end":{"line":226,"column":null}},"39":{"start":{"line":228,"column":10},"end":{"line":238,"column":null}},"40":{"start":{"line":229,"column":12},"end":{"line":237,"column":null}},"41":{"start":{"line":230,"column":27},"end":{"line":230,"column":null}},"42":{"start":{"line":231,"column":14},"end":{"line":236,"column":null}},"43":{"start":{"line":232,"column":30},"end":{"line":232,"column":null}},"44":{"start":{"line":233,"column":16},"end":{"line":233,"column":null}},"45":{"start":{"line":235,"column":16},"end":{"line":235,"column":null}},"46":{"start":{"line":241,"column":8},"end":{"line":241,"column":null}},"47":{"start":{"line":243,"column":8},"end":{"line":243,"column":null}},"48":{"start":{"line":244,"column":8},"end":{"line":248,"column":null}},"49":{"start":{"line":245,"column":10},"end":{"line":245,"column":null}},"50":{"start":{"line":247,"column":10},"end":{"line":247,"column":null}},"51":{"start":{"line":251,"column":8},"end":{"line":253,"column":null}},"52":{"start":{"line":252,"column":10},"end":{"line":252,"column":null}},"53":{"start":{"line":260,"column":21},"end":{"line":263,"column":null}},"54":{"start":{"line":264,"column":4},"end":{"line":264,"column":null}}},"fnMap":{"0":{"name":"(anonymous_0)","decl":{"start":{"line":105,"column":14},"end":{"line":105,"column":46}},"loc":{"start":{"line":105,"column":46},"end":{"line":108,"column":null}},"line":105},"1":{"name":"(anonymous_1)","decl":{"start":{"line":111,"column":14},"end":{"line":111,"column":21}},"loc":{"start":{"line":112,"column":4},"end":{"line":112,"column":null}},"line":112},"2":{"name":"(anonymous_2)","decl":{"start":{"line":115,"column":14},"end":{"line":115,"column":21}},"loc":{"start":{"line":116,"column":4},"end":{"line":116,"column":null}},"line":116},"3":{"name":"(anonymous_3)","decl":{"start":{"line":119,"column":15},"end":{"line":119,"column":null}},"loc":{"start":{"line":127,"column":37},"end":{"line":137,"column":null}},"line":127},"4":{"name":"(anonymous_4)","decl":{"start":{"line":140,"column":21},"end":{"line":140,"column":null}},"loc":{"start":{"line":154,"column":22},"end":{"line":256,"column":null}},"line":154},"5":{"name":"(anonymous_5)","decl":{"start":{"line":155,"column":23},"end":{"line":155,"column":30}},"loc":{"start":{"line":155,"column":50},"end":{"line":255,"column":5}},"line":155},"6":{"name":"(anonymous_6)","decl":{"start":{"line":170,"column":31},"end":{"line":170,"column":37}},"loc":{"start":{"line":170,"column":37},"end":{"line":173,"column":11}},"line":170},"7":{"name":"(anonymous_7)","decl":{"start":{"line":259,"column":22},"end":{"line":259,"column":29}},"loc":{"start":{"line":259,"column":76},"end":{"line":265,"column":null}},"line":259}},"branchMap":{"0":{"loc":{"start":{"line":111,"column":76},"end":{"line":111,"column":null}},"type":"default-arg","locations":[{"start":{"line":111,"column":84},"end":{"line":111,"column":null}}],"line":111},"1":{"loc":{"start":{"line":115,"column":51},"end":{"line":115,"column":null}},"type":"default-arg","locations":[{"start":{"line":115,"column":59},"end":{"line":115,"column":null}}],"line":115},"2":{"loc":{"start":{"line":157,"column":24},"end":{"line":157,"column":null}},"type":"binary-expr","locations":[{"start":{"line":157,"column":24},"end":{"line":157,"column":44}},{"start":{"line":157,"column":44},"end":{"line":157,"column":null}}],"line":157},"3":{"loc":{"start":{"line":162,"column":6},"end":{"line":164,"column":null}},"type":"if","locations":[{"start":{"line":162,"column":6},"end":{"line":164,"column":null}},{"start":{},"end":{}}],"line":162},"4":{"loc":{"start":{"line":166,"column":21},"end":{"line":166,"column":null}},"type":"binary-expr","locations":[{"start":{"line":166,"column":21},"end":{"line":166,"column":40}},{"start":{"line":166,"column":40},"end":{"line":166,"column":null}}],"line":166},"5":{"loc":{"start":{"line":169,"column":6},"end":{"line":174,"column":null}},"type":"if","locations":[{"start":{"line":169,"column":6},"end":{"line":174,"column":null}},{"start":{},"end":{}}],"line":169},"6":{"loc":{"start":{"line":194,"column":8},"end":{"line":206,"column":null}},"type":"if","locations":[{"start":{"line":194,"column":8},"end":{"line":206,"column":null}},{"start":{},"end":{}}],"line":194},"7":{"loc":{"start":{"line":199,"column":12},"end":{"line":201,"column":null}},"type":"if","locations":[{"start":{"line":199,"column":12},"end":{"line":201,"column":null}},{"start":{},"end":{}}],"line":199},"8":{"loc":{"start":{"line":209,"column":8},"end":{"line":211,"column":null}},"type":"if","locations":[{"start":{"line":209,"column":8},"end":{"line":211,"column":null}},{"start":{},"end":{}}],"line":209},"9":{"loc":{"start":{"line":218,"column":10},"end":{"line":220,"column":null}},"type":"if","locations":[{"start":{"line":218,"column":10},"end":{"line":220,"column":null}},{"start":{},"end":{}}],"line":218},"10":{"loc":{"start":{"line":226,"column":19},"end":{"line":226,"column":null}},"type":"binary-expr","locations":[{"start":{"line":226,"column":19},"end":{"line":226,"column":34}},{"start":{"line":226,"column":34},"end":{"line":226,"column":null}}],"line":226},"11":{"loc":{"start":{"line":229,"column":12},"end":{"line":237,"column":null}},"type":"if","locations":[{"start":{"line":229,"column":12},"end":{"line":237,"column":null}},{"start":{},"end":{}}],"line":229},"12":{"loc":{"start":{"line":244,"column":8},"end":{"line":248,"column":null}},"type":"if","locations":[{"start":{"line":244,"column":8},"end":{"line":248,"column":null}},{"start":{"line":246,"column":15},"end":{"line":248,"column":null}}],"line":244},"13":{"loc":{"start":{"line":251,"column":8},"end":{"line":253,"column":null}},"type":"if","locations":[{"start":{"line":251,"column":8},"end":{"line":253,"column":null}},{"start":{},"end":{}}],"line":251}},"s":{"0":2,"1":1,"2":1,"3":1,"4":1,"5":1,"6":1,"7":8,"8":8,"9":8,"10":8,"11":8,"12":7,"13":8,"14":8,"15":7,"16":1,"17":1,"18":8,"19":8,"20":6,"21":3,"22":3,"23":3,"24":2,"25":1,"26":3,"27":3,"28":8,"29":1,"30":2,"31":2,"32":2,"33":6,"34":6,"35":2,"36":4,"37":4,"38":4,"39":6,"40":4,"41":3,"42":3,"43":3,"44":3,"45":1,"46":2,"47":6,"48":6,"49":2,"50":4,"51":8,"52":7,"53":1,"54":1},"f":{"0":1,"1":1,"2":1,"3":1,"4":8,"5":8,"6":1,"7":1},"b":{"0":[1],"1":[1],"2":[8,5],"3":[7,1],"4":[8,7],"5":[7,1],"6":[3,3],"7":[1,1],"8":[1,7],"9":[2,4],"10":[4,4],"11":[3,1],"12":[2,4],"13":[7,1]},"meta":{"lastBranch":14,"lastFunction":8,"lastStatement":55,"seen":{"s:103:21:266:Infinity":0,"f:105:14:105:46":0,"s:106:21:106:Infinity":1,"s:107:4:107:Infinity":2,"f:111:14:111:21":1,"s:112:4:112:Infinity":3,"b:111:84:111:Infinity":0,"f:115:14:115:21":2,"s:116:4:116:Infinity":4,"b:115:59:115:Infinity":1,"f:119:15:119:Infinity":3,"s:128:21:135:Infinity":5,"s:136:4:136:Infinity":6,"f:140:21:140:Infinity":4,"s:155:4:255:Infinity":7,"f:155:23:155:30":5,"s:157:24:157:Infinity":8,"b:157:24:157:44:157:44:157:Infinity":2,"s:158:60:158:Infinity":9,"s:159:52:159:Infinity":10,"b:162:6:164:Infinity:undefined:undefined:undefined:undefined":3,"s:162:6:164:Infinity":11,"s:163:8:163:Infinity":12,"s:166:21:166:Infinity":13,"b:166:21:166:40:166:40:166:Infinity":4,"b:169:6:174:Infinity:undefined:undefined:undefined:undefined":5,"s:169:6:174:Infinity":14,"s:170:8:173:Infinity":15,"f:170:31:170:37":6,"s:171:10:171:Infinity":16,"s:172:10:172:Infinity":17,"s:176:6:254:Infinity":18,"s:177:25:192:Infinity":19,"b:194:8:206:Infinity:undefined:undefined:undefined:undefined":6,"s:194:8:206:Infinity":20,"s:196:29:196:Infinity":21,"s:197:10:204:Infinity":22,"s:198:30:198:Infinity":23,"b:199:12:201:Infinity:undefined:undefined:undefined:undefined":7,"s:199:12:201:Infinity":24,"s:200:14:200:Infinity":25,"s:205:10:205:Infinity":26,"s:208:23:208:Infinity":27,"b:209:8:211:Infinity:undefined:undefined:undefined:undefined":8,"s:209:8:211:Infinity":28,"s:210:10:210:Infinity":29,"s:213:24:213:Infinity":30,"s:214:21:214:Infinity":31,"s:216:8:239:Infinity":32,"s:217:34:217:Infinity":33,"b:218:10:220:Infinity:undefined:undefined:undefined:undefined":9,"s:218:10:220:Infinity":34,"s:219:12:219:Infinity":35,"s:222:10:222:Infinity":36,"s:225:24:225:Infinity":37,"s:226:10:226:Infinity":38,"b:226:19:226:34:226:34:226:Infinity":10,"s:228:10:238:Infinity":39,"b:229:12:237:Infinity:undefined:undefined:undefined:undefined":11,"s:229:12:237:Infinity":40,"s:230:27:230:Infinity":41,"s:231:14:236:Infinity":42,"s:232:30:232:Infinity":43,"s:233:16:233:Infinity":44,"s:235:16:235:Infinity":45,"s:241:8:241:Infinity":46,"s:243:8:243:Infinity":47,"b:244:8:248:Infinity:246:15:248:Infinity":12,"s:244:8:248:Infinity":48,"s:245:10:245:Infinity":49,"s:247:10:247:Infinity":50,"b:251:8:253:Infinity:undefined:undefined:undefined:undefined":13,"s:251:8:253:Infinity":51,"s:252:10:252:Infinity":52,"f:259:22:259:29":7,"s:260:21:263:Infinity":53,"s:264:4:264:Infinity":54}}}
,"C:\\projects\\2026\\neylin\\frontend\\src\\entities\\ai\\ai.queries.ts": {"path":"C:\\projects\\2026\\neylin\\frontend\\src\\entities\\ai\\ai.queries.ts","statementMap":{"0":{"start":{"line":7,"column":27},"end":{"line":7,"column":null}},"1":{"start":{"line":9,"column":22},"end":{"line":12,"column":null}},"2":{"start":{"line":11,"column":16},"end":{"line":11,"column":null}},"3":{"start":{"line":14,"column":27},"end":{"line":20,"column":null}},"4":{"start":{"line":15,"column":2},"end":{"line":19,"column":null}},"5":{"start":{"line":17,"column":19},"end":{"line":17,"column":null}},"6":{"start":{"line":26,"column":32},"end":{"line":60,"column":null}},"7":{"start":{"line":27,"column":43},"end":{"line":27,"column":null}},"8":{"start":{"line":28,"column":45},"end":{"line":34,"column":null}},"9":{"start":{"line":30,"column":4},"end":{"line":32,"column":null}},"10":{"start":{"line":31,"column":6},"end":{"line":31,"column":null}},"11":{"start":{"line":33,"column":4},"end":{"line":33,"column":null}},"12":{"start":{"line":37,"column":2},"end":{"line":47,"column":null}},"13":{"start":{"line":38,"column":4},"end":{"line":46,"column":null}},"14":{"start":{"line":39,"column":31},"end":{"line":39,"column":null}},"15":{"start":{"line":39,"column":48},"end":{"line":39,"column":70}},"16":{"start":{"line":40,"column":6},"end":{"line":45,"column":null}},"17":{"start":{"line":42,"column":29},"end":{"line":42,"column":null}},"18":{"start":{"line":43,"column":8},"end":{"line":43,"column":null}},"19":{"start":{"line":44,"column":8},"end":{"line":44,"column":null}},"20":{"start":{"line":49,"column":8},"end":{"line":52,"column":null}},"21":{"start":{"line":50,"column":4},"end":{"line":50,"column":null}},"22":{"start":{"line":51,"column":4},"end":{"line":51,"column":null}},"23":{"start":{"line":54,"column":2},"end":{"line":59,"column":null}},"24":{"start":{"line":62,"column":29},"end":{"line":79,"column":null}},"25":{"start":{"line":63,"column":8},"end":{"line":63,"column":null}},"26":{"start":{"line":65,"column":2},"end":{"line":78,"column":null}},"27":{"start":{"line":74,"column":10},"end":{"line":74,"column":null}},"28":{"start":{"line":76,"column":6},"end":{"line":76,"column":null}},"29":{"start":{"line":81,"column":29},"end":{"line":91,"column":null}},"30":{"start":{"line":82,"column":8},"end":{"line":82,"column":null}},"31":{"start":{"line":84,"column":2},"end":{"line":90,"column":null}},"32":{"start":{"line":86,"column":6},"end":{"line":86,"column":null}},"33":{"start":{"line":88,"column":6},"end":{"line":88,"column":null}}},"fnMap":{"0":{"name":"(anonymous_0)","decl":{"start":{"line":11,"column":10},"end":{"line":11,"column":16}},"loc":{"start":{"line":11,"column":16},"end":{"line":11,"column":null}},"line":11},"1":{"name":"(anonymous_1)","decl":{"start":{"line":14,"column":27},"end":{"line":14,"column":33}},"loc":{"start":{"line":14,"column":33},"end":{"line":20,"column":null}},"line":14},"2":{"name":"(anonymous_2)","decl":{"start":{"line":17,"column":13},"end":{"line":17,"column":19}},"loc":{"start":{"line":17,"column":19},"end":{"line":17,"column":null}},"line":17},"3":{"name":"(anonymous_3)","decl":{"start":{"line":26,"column":32},"end":{"line":26,"column":38}},"loc":{"start":{"line":26,"column":38},"end":{"line":60,"column":null}},"line":26},"4":{"name":"(anonymous_4)","decl":{"start":{"line":28,"column":66},"end":{"line":28,"column":72}},"loc":{"start":{"line":28,"column":72},"end":{"line":34,"column":3}},"line":28},"5":{"name":"(anonymous_5)","decl":{"start":{"line":37,"column":12},"end":{"line":37,"column":18}},"loc":{"start":{"line":37,"column":18},"end":{"line":47,"column":5}},"line":37},"6":{"name":"(anonymous_6)","decl":{"start":{"line":39,"column":43},"end":{"line":39,"column":48}},"loc":{"start":{"line":39,"column":48},"end":{"line":39,"column":70}},"line":39},"7":{"name":"(anonymous_7)","decl":{"start":{"line":49,"column":39},"end":{"line":49,"column":40}},"loc":{"start":{"line":49,"column":60},"end":{"line":52,"column":5}},"line":49},"8":{"name":"(anonymous_8)","decl":{"start":{"line":62,"column":29},"end":{"line":62,"column":35}},"loc":{"start":{"line":62,"column":35},"end":{"line":79,"column":null}},"line":62},"9":{"name":"(anonymous_9)","decl":{"start":{"line":66,"column":16},"end":{"line":66,"column":17}},"loc":{"start":{"line":74,"column":10},"end":{"line":74,"column":null}},"line":74},"10":{"name":"(anonymous_10)","decl":{"start":{"line":75,"column":15},"end":{"line":75,"column":21}},"loc":{"start":{"line":75,"column":21},"end":{"line":77,"column":null}},"line":75},"11":{"name":"(anonymous_11)","decl":{"start":{"line":81,"column":29},"end":{"line":81,"column":35}},"loc":{"start":{"line":81,"column":35},"end":{"line":91,"column":null}},"line":81},"12":{"name":"(anonymous_12)","decl":{"start":{"line":85,"column":16},"end":{"line":85,"column":17}},"loc":{"start":{"line":86,"column":6},"end":{"line":86,"column":null}},"line":86},"13":{"name":"(anonymous_13)","decl":{"start":{"line":87,"column":15},"end":{"line":87,"column":21}},"loc":{"start":{"line":87,"column":21},"end":{"line":89,"column":null}},"line":87}},"branchMap":{"0":{"loc":{"start":{"line":27,"column":16},"end":{"line":27,"column":29}},"type":"default-arg","locations":[{"start":{"line":27,"column":25},"end":{"line":27,"column":29}}],"line":27},"1":{"loc":{"start":{"line":30,"column":4},"end":{"line":32,"column":null}},"type":"if","locations":[{"start":{"line":30,"column":4},"end":{"line":32,"column":null}},{"start":{},"end":{}}],"line":30},"2":{"loc":{"start":{"line":31,"column":13},"end":{"line":31,"column":null}},"type":"binary-expr","locations":[{"start":{"line":31,"column":13},"end":{"line":31,"column":57}},{"start":{"line":31,"column":57},"end":{"line":31,"column":null}}],"line":31},"3":{"loc":{"start":{"line":38,"column":4},"end":{"line":46,"column":null}},"type":"if","locations":[{"start":{"line":38,"column":4},"end":{"line":46,"column":null}},{"start":{},"end":{}}],"line":38},"4":{"loc":{"start":{"line":40,"column":6},"end":{"line":45,"column":null}},"type":"if","locations":[{"start":{"line":40,"column":6},"end":{"line":45,"column":null}},{"start":{},"end":{}}],"line":40}},"s":{"0":3,"1":3,"2":9,"3":3,"4":8,"5":4,"6":3,"7":6,"8":6,"9":3,"10":2,"11":1,"12":6,"13":6,"14":3,"15":4,"16":3,"17":1,"18":1,"19":1,"20":6,"21":1,"22":1,"23":6,"24":3,"25":2,"26":2,"27":1,"28":1,"29":3,"30":2,"31":2,"32":1,"33":1},"f":{"0":9,"1":8,"2":4,"3":6,"4":3,"5":6,"6":4,"7":1,"8":2,"9":1,"10":1,"11":2,"12":1,"13":1},"b":{"0":[6],"1":[2,1],"2":[2,1],"3":[3,3],"4":[1,2]},"meta":{"lastBranch":5,"lastFunction":14,"lastStatement":34,"seen":{"s:7:27:7:Infinity":0,"s:9:22:12:Infinity":1,"f:11:10:11:16":0,"s:11:16:11:Infinity":2,"s:14:27:20:Infinity":3,"f:14:27:14:33":1,"s:15:2:19:Infinity":4,"f:17:13:17:19":2,"s:17:19:17:Infinity":5,"s:26:32:60:Infinity":6,"f:26:32:26:38":3,"s:27:43:27:Infinity":7,"b:27:25:27:29":0,"s:28:45:34:Infinity":8,"f:28:66:28:72":4,"b:30:4:32:Infinity:undefined:undefined:undefined:undefined":1,"s:30:4:32:Infinity":9,"s:31:6:31:Infinity":10,"b:31:13:31:57:31:57:31:Infinity":2,"s:33:4:33:Infinity":11,"s:37:2:47:Infinity":12,"f:37:12:37:18":5,"b:38:4:46:Infinity:undefined:undefined:undefined:undefined":3,"s:38:4:46:Infinity":13,"s:39:31:39:Infinity":14,"f:39:43:39:48":6,"s:39:48:39:70":15,"b:40:6:45:Infinity:undefined:undefined:undefined:undefined":4,"s:40:6:45:Infinity":16,"s:42:29:42:Infinity":17,"s:43:8:43:Infinity":18,"s:44:8:44:Infinity":19,"s:49:8:52:Infinity":20,"f:49:39:49:40":7,"s:50:4:50:Infinity":21,"s:51:4:51:Infinity":22,"s:54:2:59:Infinity":23,"s:62:29:79:Infinity":24,"f:62:29:62:35":8,"s:63:8:63:Infinity":25,"s:65:2:78:Infinity":26,"f:66:16:66:17":9,"s:74:10:74:Infinity":27,"f:75:15:75:21":10,"s:76:6:76:Infinity":28,"s:81:29:91:Infinity":29,"f:81:29:81:35":11,"s:82:8:82:Infinity":30,"s:84:2:90:Infinity":31,"f:85:16:85:17":12,"s:86:6:86:Infinity":32,"f:87:15:87:21":13,"s:88:6:88:Infinity":33}}}
,"C:\\projects\\2026\\neylin\\frontend\\src\\entities\\ai\\ai.schema.ts": {"path":"C:\\projects\\2026\\neylin\\frontend\\src\\entities\\ai\\ai.schema.ts","statementMap":{"0":{"start":{"line":3,"column":28},"end":{"line":19,"column":null}},"1":{"start":{"line":21,"column":42},"end":{"line":33,"column":null}},"2":{"start":{"line":35,"column":36},"end":{"line":41,"column":null}},"3":{"start":{"line":43,"column":34},"end":{"line":48,"column":null}},"4":{"start":{"line":51,"column":42},"end":{"line":54,"column":null}},"5":{"start":{"line":56,"column":40},"end":{"line":61,"column":null}},"6":{"start":{"line":63,"column":35},"end":{"line":69,"column":null}},"7":{"start":{"line":71,"column":40},"end":{"line":74,"column":null}},"8":{"start":{"line":87,"column":33},"end":{"line":87,"column":null}},"9":{"start":{"line":90,"column":29},"end":{"line":95,"column":null}}},"fnMap":{},"branchMap":{},"s":{"0":2,"1":2,"2":2,"3":2,"4":2,"5":2,"6":2,"7":2,"8":2,"9":2},"f":{},"b":{},"meta":{"lastBranch":0,"lastFunction":0,"lastStatement":10,"seen":{"s:3:28:19:Infinity":0,"s:21:42:33:Infinity":1,"s:35:36:41:Infinity":2,"s:43:34:48:Infinity":3,"s:51:42:54:Infinity":4,"s:56:40:61:Infinity":5,"s:63:35:69:Infinity":6,"s:71:40:74:Infinity":7,"s:87:33:87:Infinity":8,"s:90:29:95:Infinity":9}}}
,"C:\\projects\\2026\\neylin\\frontend\\src\\entities\\edge\\lib\\edge-colors.ts": {"path":"C:\\projects\\2026\\neylin\\frontend\\src\\entities\\edge\\lib\\edge-colors.ts","statementMap":{"0":{"start":{"line":10,"column":64},"end":{"line":21,"column":null}},"1":{"start":{"line":24,"column":61},"end":{"line":35,"column":null}},"2":{"start":{"line":39,"column":67},"end":{"line":50,"column":null}},"3":{"start":{"line":52,"column":68},"end":{"line":63,"column":null}},"4":{"start":{"line":66,"column":63},"end":{"line":77,"column":null}},"5":{"start":{"line":79,"column":34},"end":{"line":80,"column":null}},"6":{"start":{"line":80,"column":2},"end":{"line":80,"column":null}},"7":{"start":{"line":82,"column":30},"end":{"line":83,"column":null}},"8":{"start":{"line":83,"column":2},"end":{"line":83,"column":null}},"9":{"start":{"line":85,"column":35},"end":{"line":86,"column":null}},"10":{"start":{"line":86,"column":2},"end":{"line":86,"column":null}},"11":{"start":{"line":88,"column":36},"end":{"line":89,"column":null}},"12":{"start":{"line":89,"column":2},"end":{"line":89,"column":null}},"13":{"start":{"line":91,"column":32},"end":{"line":92,"column":null}},"14":{"start":{"line":92,"column":2},"end":{"line":92,"column":null}},"15":{"start":{"line":94,"column":33},"end":{"line":95,"column":null}},"16":{"start":{"line":95,"column":2},"end":{"line":95,"column":null}}},"fnMap":{"0":{"name":"(anonymous_0)","decl":{"start":{"line":79,"column":34},"end":{"line":79,"column":35}},"loc":{"start":{"line":80,"column":2},"end":{"line":80,"column":null}},"line":80},"1":{"name":"(anonymous_1)","decl":{"start":{"line":82,"column":30},"end":{"line":82,"column":31}},"loc":{"start":{"line":83,"column":2},"end":{"line":83,"column":null}},"line":83},"2":{"name":"(anonymous_2)","decl":{"start":{"line":85,"column":35},"end":{"line":85,"column":36}},"loc":{"start":{"line":86,"column":2},"end":{"line":86,"column":null}},"line":86},"3":{"name":"(anonymous_3)","decl":{"start":{"line":88,"column":36},"end":{"line":88,"column":37}},"loc":{"start":{"line":89,"column":2},"end":{"line":89,"column":null}},"line":89},"4":{"name":"(anonymous_4)","decl":{"start":{"line":91,"column":32},"end":{"line":91,"column":33}},"loc":{"start":{"line":92,"column":2},"end":{"line":92,"column":null}},"line":92},"5":{"name":"(anonymous_5)","decl":{"start":{"line":94,"column":33},"end":{"line":94,"column":34}},"loc":{"start":{"line":95,"column":2},"end":{"line":95,"column":null}},"line":95}},"branchMap":{"0":{"loc":{"start":{"line":80,"column":2},"end":{"line":80,"column":null}},"type":"binary-expr","locations":[{"start":{"line":80,"column":2},"end":{"line":80,"column":30}},{"start":{"line":80,"column":30},"end":{"line":80,"column":null}}],"line":80},"1":{"loc":{"start":{"line":83,"column":2},"end":{"line":83,"column":null}},"type":"binary-expr","locations":[{"start":{"line":83,"column":2},"end":{"line":83,"column":27}},{"start":{"line":83,"column":27},"end":{"line":83,"column":null}}],"line":83},"2":{"loc":{"start":{"line":86,"column":2},"end":{"line":86,"column":null}},"type":"binary-expr","locations":[{"start":{"line":86,"column":2},"end":{"line":86,"column":33}},{"start":{"line":86,"column":33},"end":{"line":86,"column":null}}],"line":86},"3":{"loc":{"start":{"line":89,"column":2},"end":{"line":89,"column":null}},"type":"binary-expr","locations":[{"start":{"line":89,"column":2},"end":{"line":89,"column":34}},{"start":{"line":89,"column":34},"end":{"line":89,"column":null}}],"line":89},"4":{"loc":{"start":{"line":92,"column":2},"end":{"line":92,"column":null}},"type":"binary-expr","locations":[{"start":{"line":92,"column":2},"end":{"line":92,"column":29}},{"start":{"line":92,"column":29},"end":{"line":92,"column":null}}],"line":92},"5":{"loc":{"start":{"line":95,"column":5},"end":{"line":95,"column":56}},"type":"binary-expr","locations":[{"start":{"line":95,"column":5},"end":{"line":95,"column":30}},{"start":{"line":95,"column":30},"end":{"line":95,"column":56}}],"line":95},"6":{"loc":{"start":{"line":95,"column":60},"end":{"line":95,"column":109}},"type":"binary-expr","locations":[{"start":{"line":95,"column":60},"end":{"line":95,"column":87}},{"start":{"line":95,"column":87},"end":{"line":95,"column":109}}],"line":95}},"s":{"0":81,"1":81,"2":81,"3":81,"4":81,"5":81,"6":3,"7":81,"8":2,"9":81,"10":2,"11":81,"12":2,"13":81,"14":2,"15":81,"16":2},"f":{"0":3,"1":2,"2":2,"3":2,"4":2,"5":2},"b":{"0":[3,1],"1":[2,1],"2":[2,1],"3":[2,1],"4":[2,1],"5":[2,1],"6":[2,1]},"meta":{"lastBranch":7,"lastFunction":6,"lastStatement":17,"seen":{"s:10:64:21:Infinity":0,"s:24:61:35:Infinity":1,"s:39:67:50:Infinity":2,"s:52:68:63:Infinity":3,"s:66:63:77:Infinity":4,"s:79:34:80:Infinity":5,"f:79:34:79:35":0,"s:80:2:80:Infinity":6,"b:80:2:80:30:80:30:80:Infinity":0,"s:82:30:83:Infinity":7,"f:82:30:82:31":1,"s:83:2:83:Infinity":8,"b:83:2:83:27:83:27:83:Infinity":1,"s:85:35:86:Infinity":9,"f:85:35:85:36":2,"s:86:2:86:Infinity":10,"b:86:2:86:33:86:33:86:Infinity":2,"s:88:36:89:Infinity":11,"f:88:36:88:37":3,"s:89:2:89:Infinity":12,"b:89:2:89:34:89:34:89:Infinity":3,"s:91:32:92:Infinity":13,"f:91:32:91:33":4,"s:92:2:92:Infinity":14,"b:92:2:92:29:92:29:92:Infinity":4,"s:94:33:95:Infinity":15,"f:94:33:94:34":5,"s:95:2:95:Infinity":16,"b:95:5:95:30:95:30:95:56":5,"b:95:60:95:87:95:87:95:109":6}}}
,"C:\\projects\\2026\\neylin\\frontend\\src\\entities\\edge\\model\\edge.hooks.ts": {"path":"C:\\projects\\2026\\neylin\\frontend\\src\\entities\\edge\\model\\edge.hooks.ts","statementMap":{"0":{"start":{"line":6,"column":35},"end":{"line":40,"column":null}},"1":{"start":{"line":7,"column":26},"end":{"line":7,"column":null}},"2":{"start":{"line":9,"column":8},"end":{"line":11,"column":null}},"3":{"start":{"line":10,"column":4},"end":{"line":10,"column":null}},"4":{"start":{"line":10,"column":29},"end":{"line":10,"column":54}},"5":{"start":{"line":13,"column":8},"end":{"line":15,"column":null}},"6":{"start":{"line":14,"column":4},"end":{"line":14,"column":null}},"7":{"start":{"line":14,"column":29},"end":{"line":14,"column":54}},"8":{"start":{"line":17,"column":8},"end":{"line":26,"column":null}},"9":{"start":{"line":18,"column":4},"end":{"line":25,"column":null}},"10":{"start":{"line":20,"column":8},"end":{"line":20,"column":null}},"11":{"start":{"line":22,"column":8},"end":{"line":22,"column":null}},"12":{"start":{"line":24,"column":8},"end":{"line":24,"column":null}},"13":{"start":{"line":28,"column":8},"end":{"line":30,"column":null}},"14":{"start":{"line":29,"column":4},"end":{"line":29,"column":null}},"15":{"start":{"line":32,"column":2},"end":{"line":39,"column":null}}},"fnMap":{"0":{"name":"(anonymous_0)","decl":{"start":{"line":6,"column":35},"end":{"line":6,"column":36}},"loc":{"start":{"line":6,"column":70},"end":{"line":40,"column":null}},"line":6},"1":{"name":"(anonymous_1)","decl":{"start":{"line":9,"column":32},"end":{"line":9,"column":38}},"loc":{"start":{"line":9,"column":38},"end":{"line":11,"column":5}},"line":9},"2":{"name":"(anonymous_2)","decl":{"start":{"line":10,"column":24},"end":{"line":10,"column":29}},"loc":{"start":{"line":10,"column":29},"end":{"line":10,"column":54}},"line":10},"3":{"name":"(anonymous_3)","decl":{"start":{"line":13,"column":32},"end":{"line":13,"column":38}},"loc":{"start":{"line":13,"column":38},"end":{"line":15,"column":5}},"line":13},"4":{"name":"(anonymous_4)","decl":{"start":{"line":14,"column":24},"end":{"line":14,"column":29}},"loc":{"start":{"line":14,"column":29},"end":{"line":14,"column":54}},"line":14},"5":{"name":"(anonymous_5)","decl":{"start":{"line":17,"column":32},"end":{"line":17,"column":38}},"loc":{"start":{"line":17,"column":38},"end":{"line":26,"column":5}},"line":17},"6":{"name":"(anonymous_6)","decl":{"start":{"line":28,"column":35},"end":{"line":28,"column":36}},"loc":{"start":{"line":28,"column":72},"end":{"line":30,"column":5}},"line":28}},"branchMap":{"0":{"loc":{"start":{"line":18,"column":4},"end":{"line":25,"column":null}},"type":"switch","locations":[{"start":{"line":19,"column":6},"end":{"line":20,"column":null}},{"start":{"line":21,"column":6},"end":{"line":22,"column":null}},{"start":{"line":23,"column":6},"end":{"line":24,"column":null}}],"line":18}},"s":{"0":81,"1":5,"2":5,"3":3,"4":6,"5":5,"6":3,"7":6,"8":5,"9":5,"10":1,"11":1,"12":3,"13":5,"14":2,"15":5},"f":{"0":5,"1":3,"2":6,"3":3,"4":6,"5":5,"6":2},"b":{"0":[1,1,3]},"meta":{"lastBranch":1,"lastFunction":7,"lastStatement":16,"seen":{"s:6:35:40:Infinity":0,"f:6:35:6:36":0,"s:7:26:7:Infinity":1,"s:9:8:11:Infinity":2,"f:9:32:9:38":1,"s:10:4:10:Infinity":3,"f:10:24:10:29":2,"s:10:29:10:54":4,"s:13:8:15:Infinity":5,"f:13:32:13:38":3,"s:14:4:14:Infinity":6,"f:14:24:14:29":4,"s:14:29:14:54":7,"s:17:8:26:Infinity":8,"f:17:32:17:38":5,"b:19:6:20:Infinity:21:6:22:Infinity:23:6:24:Infinity":0,"s:18:4:25:Infinity":9,"s:20:8:20:Infinity":10,"s:22:8:22:Infinity":11,"s:24:8:24:Infinity":12,"s:28:8:30:Infinity":13,"f:28:35:28:36":6,"s:29:4:29:Infinity":14,"s:32:2:39:Infinity":15}}}
,"C:\\projects\\2026\\neylin\\frontend\\src\\entities\\edge\\model\\edge.schema.ts": {"path":"C:\\projects\\2026\\neylin\\frontend\\src\\entities\\edge\\model\\edge.schema.ts","statementMap":{"0":{"start":{"line":4,"column":32},"end":{"line":15,"column":null}},"1":{"start":{"line":20,"column":34},"end":{"line":28,"column":null}},"2":{"start":{"line":33,"column":26},"end":{"line":45,"column":null}}},"fnMap":{},"branchMap":{},"s":{"0":81,"1":81,"2":81},"f":{},"b":{},"meta":{"lastBranch":0,"lastFunction":0,"lastStatement":3,"seen":{"s:4:32:15:Infinity":0,"s:20:34:28:Infinity":1,"s:33:26:45:Infinity":2}}}
,"C:\\projects\\2026\\neylin\\frontend\\src\\entities\\exercise\\exercise.api.ts": {"path":"C:\\projects\\2026\\neylin\\frontend\\src\\entities\\exercise\\exercise.api.ts","statementMap":{"0":{"start":{"line":9,"column":27},"end":{"line":46,"column":null}},"1":{"start":{"line":15,"column":21},"end":{"line":23,"column":null}},"2":{"start":{"line":24,"column":4},"end":{"line":24,"column":null}},"3":{"start":{"line":29,"column":19},"end":{"line":29,"column":null}},"4":{"start":{"line":30,"column":21},"end":{"line":30,"column":null}},"5":{"start":{"line":31,"column":4},"end":{"line":31,"column":null}},"6":{"start":{"line":40,"column":21},"end":{"line":43,"column":null}},"7":{"start":{"line":44,"column":4},"end":{"line":44,"column":null}}},"fnMap":{"0":{"name":"(anonymous_0)","decl":{"start":{"line":11,"column":21},"end":{"line":11,"column":null}},"loc":{"start":{"line":14,"column":28},"end":{"line":25,"column":null}},"line":14},"1":{"name":"(anonymous_1)","decl":{"start":{"line":28,"column":19},"end":{"line":28,"column":26}},"loc":{"start":{"line":28,"column":80},"end":{"line":32,"column":null}},"line":28},"2":{"name":"(anonymous_2)","decl":{"start":{"line":35,"column":16},"end":{"line":35,"column":null}},"loc":{"start":{"line":39,"column":36},"end":{"line":45,"column":null}},"line":39}},"branchMap":{"0":{"loc":{"start":{"line":29,"column":19},"end":{"line":29,"column":null}},"type":"cond-expr","locations":[{"start":{"line":29,"column":28},"end":{"line":29,"column":50}},{"start":{"line":29,"column":50},"end":{"line":29,"column":null}}],"line":29}},"s":{"0":2,"1":1,"2":1,"3":2,"4":2,"5":2,"6":1,"7":1},"f":{"0":1,"1":2,"2":1},"b":{"0":[1,1]},"meta":{"lastBranch":1,"lastFunction":3,"lastStatement":8,"seen":{"s:9:27:46:Infinity":0,"f:11:21:11:Infinity":0,"s:15:21:23:Infinity":1,"s:24:4:24:Infinity":2,"f:28:19:28:26":1,"s:29:19:29:Infinity":3,"b:29:28:29:50:29:50:29:Infinity":0,"s:30:21:30:Infinity":4,"s:31:4:31:Infinity":5,"f:35:16:35:Infinity":2,"s:40:21:43:Infinity":6,"s:44:4:44:Infinity":7}}}
,"C:\\projects\\2026\\neylin\\frontend\\src\\entities\\exercise\\exercise.queries.ts": {"path":"C:\\projects\\2026\\neylin\\frontend\\src\\entities\\exercise\\exercise.queries.ts","statementMap":{"0":{"start":{"line":5,"column":28},"end":{"line":9,"column":null}},"1":{"start":{"line":7,"column":44},"end":{"line":7,"column":null}},"2":{"start":{"line":8,"column":31},"end":{"line":8,"column":null}},"3":{"start":{"line":11,"column":31},"end":{"line":19,"column":null}},"4":{"start":{"line":12,"column":2},"end":{"line":18,"column":null}},"5":{"start":{"line":14,"column":19},"end":{"line":14,"column":null}},"6":{"start":{"line":21,"column":36},"end":{"line":32,"column":null}},"7":{"start":{"line":22,"column":8},"end":{"line":22,"column":null}},"8":{"start":{"line":24,"column":2},"end":{"line":31,"column":null}},"9":{"start":{"line":26,"column":6},"end":{"line":26,"column":null}},"10":{"start":{"line":29,"column":6},"end":{"line":29,"column":null}},"11":{"start":{"line":34,"column":31},"end":{"line":54,"column":null}},"12":{"start":{"line":35,"column":8},"end":{"line":35,"column":null}},"13":{"start":{"line":37,"column":2},"end":{"line":53,"column":null}},"14":{"start":{"line":46,"column":10},"end":{"line":46,"column":null}},"15":{"start":{"line":49,"column":6},"end":{"line":49,"column":null}},"16":{"start":{"line":51,"column":6},"end":{"line":51,"column":null}}},"fnMap":{"0":{"name":"(anonymous_0)","decl":{"start":{"line":7,"column":8},"end":{"line":7,"column":9}},"loc":{"start":{"line":7,"column":44},"end":{"line":7,"column":null}},"line":7},"1":{"name":"(anonymous_1)","decl":{"start":{"line":8,"column":12},"end":{"line":8,"column":13}},"loc":{"start":{"line":8,"column":31},"end":{"line":8,"column":null}},"line":8},"2":{"name":"(anonymous_2)","decl":{"start":{"line":11,"column":31},"end":{"line":11,"column":32}},"loc":{"start":{"line":11,"column":83},"end":{"line":19,"column":null}},"line":11},"3":{"name":"(anonymous_3)","decl":{"start":{"line":14,"column":13},"end":{"line":14,"column":19}},"loc":{"start":{"line":14,"column":19},"end":{"line":14,"column":null}},"line":14},"4":{"name":"(anonymous_4)","decl":{"start":{"line":21,"column":36},"end":{"line":21,"column":42}},"loc":{"start":{"line":21,"column":42},"end":{"line":32,"column":null}},"line":21},"5":{"name":"(anonymous_5)","decl":{"start":{"line":25,"column":16},"end":{"line":25,"column":17}},"loc":{"start":{"line":26,"column":6},"end":{"line":26,"column":null}},"line":26},"6":{"name":"(anonymous_6)","decl":{"start":{"line":27,"column":15},"end":{"line":27,"column":16}},"loc":{"start":{"line":27,"column":33},"end":{"line":30,"column":null}},"line":27},"7":{"name":"(anonymous_7)","decl":{"start":{"line":34,"column":31},"end":{"line":34,"column":37}},"loc":{"start":{"line":34,"column":37},"end":{"line":54,"column":null}},"line":34},"8":{"name":"(anonymous_8)","decl":{"start":{"line":38,"column":16},"end":{"line":38,"column":17}},"loc":{"start":{"line":46,"column":10},"end":{"line":46,"column":null}},"line":46},"9":{"name":"(anonymous_9)","decl":{"start":{"line":47,"column":15},"end":{"line":47,"column":23}},"loc":{"start":{"line":47,"column":23},"end":{"line":52,"column":null}},"line":47}},"branchMap":{"0":{"loc":{"start":{"line":11,"column":64},"end":{"line":11,"column":83}},"type":"default-arg","locations":[{"start":{"line":11,"column":74},"end":{"line":11,"column":83}}],"line":11}},"s":{"0":2,"1":6,"2":2,"3":2,"4":2,"5":1,"6":2,"7":2,"8":2,"9":1,"10":1,"11":2,"12":2,"13":2,"14":1,"15":1,"16":1},"f":{"0":6,"1":2,"2":2,"3":1,"4":2,"5":1,"6":1,"7":2,"8":1,"9":1},"b":{"0":[2]},"meta":{"lastBranch":1,"lastFunction":10,"lastStatement":17,"seen":{"s:5:28:9:Infinity":0,"f:7:8:7:9":0,"s:7:44:7:Infinity":1,"f:8:12:8:13":1,"s:8:31:8:Infinity":2,"s:11:31:19:Infinity":3,"f:11:31:11:32":2,"b:11:74:11:83":0,"s:12:2:18:Infinity":4,"f:14:13:14:19":3,"s:14:19:14:Infinity":5,"s:21:36:32:Infinity":6,"f:21:36:21:42":4,"s:22:8:22:Infinity":7,"s:24:2:31:Infinity":8,"f:25:16:25:17":5,"s:26:6:26:Infinity":9,"f:27:15:27:16":6,"s:29:6:29:Infinity":10,"s:34:31:54:Infinity":11,"f:34:31:34:37":7,"s:35:8:35:Infinity":12,"s:37:2:53:Infinity":13,"f:38:16:38:17":8,"s:46:10:46:Infinity":14,"f:47:15:47:23":9,"s:49:6:49:Infinity":15,"s:51:6:51:Infinity":16}}}
,"C:\\projects\\2026\\neylin\\frontend\\src\\entities\\exercise\\exercise.schema.ts": {"path":"C:\\projects\\2026\\neylin\\frontend\\src\\entities\\exercise\\exercise.schema.ts","statementMap":{"0":{"start":{"line":3,"column":34},"end":{"line":11,"column":null}},"1":{"start":{"line":13,"column":36},"end":{"line":16,"column":null}},"2":{"start":{"line":18,"column":38},"end":{"line":22,"column":null}},"3":{"start":{"line":24,"column":30},"end":{"line":35,"column":null}},"4":{"start":{"line":37,"column":38},"end":{"line":55,"column":null}},"5":{"start":{"line":57,"column":40},"end":{"line":63,"column":null}}},"fnMap":{},"branchMap":{},"s":{"0":2,"1":2,"2":2,"3":2,"4":2,"5":2},"f":{},"b":{},"meta":{"lastBranch":0,"lastFunction":0,"lastStatement":6,"seen":{"s:3:34:11:Infinity":0,"s:13:36:16:Infinity":1,"s:18:38:22:Infinity":2,"s:24:30:35:Infinity":3,"s:37:38:55:Infinity":4,"s:57:40:63:Infinity":5}}}
,"C:\\projects\\2026\\neylin\\frontend\\src\\entities\\map\\map.api.ts": {"path":"C:\\projects\\2026\\neylin\\frontend\\src\\entities\\map\\map.api.ts","statementMap":{"0":{"start":{"line":57,"column":22},"end":{"line":351,"column":null}},"1":{"start":{"line":64,"column":21},"end":{"line":67,"column":null}},"2":{"start":{"line":68,"column":4},"end":{"line":71,"column":null}},"3":{"start":{"line":75,"column":21},"end":{"line":75,"column":null}},"4":{"start":{"line":76,"column":4},"end":{"line":76,"column":null}},"5":{"start":{"line":80,"column":21},"end":{"line":80,"column":null}},"6":{"start":{"line":81,"column":4},"end":{"line":81,"column":null}},"7":{"start":{"line":85,"column":21},"end":{"line":85,"column":null}},"8":{"start":{"line":86,"column":4},"end":{"line":86,"column":null}},"9":{"start":{"line":90,"column":4},"end":{"line":90,"column":null}},"10":{"start":{"line":101,"column":25},"end":{"line":101,"column":null}},"11":{"start":{"line":102,"column":4},"end":{"line":104,"column":null}},"12":{"start":{"line":103,"column":6},"end":{"line":103,"column":null}},"13":{"start":{"line":105,"column":4},"end":{"line":107,"column":null}},"14":{"start":{"line":106,"column":6},"end":{"line":106,"column":null}},"15":{"start":{"line":109,"column":18},"end":{"line":109,"column":null}},"16":{"start":{"line":110,"column":21},"end":{"line":113,"column":null}},"17":{"start":{"line":114,"column":4},"end":{"line":114,"column":null}},"18":{"start":{"line":128,"column":25},"end":{"line":128,"column":null}},"19":{"start":{"line":129,"column":4},"end":{"line":131,"column":null}},"20":{"start":{"line":130,"column":6},"end":{"line":130,"column":null}},"21":{"start":{"line":132,"column":4},"end":{"line":134,"column":null}},"22":{"start":{"line":133,"column":6},"end":{"line":133,"column":null}},"23":{"start":{"line":135,"column":4},"end":{"line":137,"column":null}},"24":{"start":{"line":136,"column":6},"end":{"line":136,"column":null}},"25":{"start":{"line":138,"column":4},"end":{"line":140,"column":null}},"26":{"start":{"line":139,"column":6},"end":{"line":139,"column":null}},"27":{"start":{"line":141,"column":4},"end":{"line":143,"column":null}},"28":{"start":{"line":142,"column":6},"end":{"line":142,"column":null}},"29":{"start":{"line":145,"column":21},"end":{"line":148,"column":null}},"30":{"start":{"line":149,"column":4},"end":{"line":149,"column":null}},"31":{"start":{"line":160,"column":25},"end":{"line":160,"column":null}},"32":{"start":{"line":161,"column":4},"end":{"line":161,"column":null}},"33":{"start":{"line":162,"column":4},"end":{"line":164,"column":null}},"34":{"start":{"line":163,"column":6},"end":{"line":163,"column":null}},"35":{"start":{"line":165,"column":4},"end":{"line":167,"column":null}},"36":{"start":{"line":166,"column":6},"end":{"line":166,"column":null}},"37":{"start":{"line":168,"column":4},"end":{"line":170,"column":null}},"38":{"start":{"line":169,"column":6},"end":{"line":169,"column":null}},"39":{"start":{"line":171,"column":4},"end":{"line":173,"column":null}},"40":{"start":{"line":172,"column":6},"end":{"line":172,"column":null}},"41":{"start":{"line":175,"column":21},"end":{"line":177,"column":null}},"42":{"start":{"line":178,"column":4},"end":{"line":178,"column":null}},"43":{"start":{"line":183,"column":21},"end":{"line":183,"column":null}},"44":{"start":{"line":184,"column":4},"end":{"line":184,"column":null}},"45":{"start":{"line":189,"column":21},"end":{"line":191,"column":null}},"46":{"start":{"line":192,"column":4},"end":{"line":192,"column":null}},"47":{"start":{"line":196,"column":21},"end":{"line":198,"column":null}},"48":{"start":{"line":199,"column":4},"end":{"line":199,"column":null}},"49":{"start":{"line":207,"column":21},"end":{"line":209,"column":null}},"50":{"start":{"line":210,"column":4},"end":{"line":210,"column":null}},"51":{"start":{"line":215,"column":19},"end":{"line":215,"column":null}},"52":{"start":{"line":216,"column":21},"end":{"line":216,"column":null}},"53":{"start":{"line":217,"column":4},"end":{"line":217,"column":null}},"54":{"start":{"line":225,"column":21},"end":{"line":227,"column":null}},"55":{"start":{"line":228,"column":4},"end":{"line":228,"column":null}},"56":{"start":{"line":232,"column":21},"end":{"line":232,"column":null}},"57":{"start":{"line":233,"column":4},"end":{"line":233,"column":null}},"58":{"start":{"line":241,"column":21},"end":{"line":241,"column":null}},"59":{"start":{"line":242,"column":4},"end":{"line":242,"column":null}},"60":{"start":{"line":246,"column":4},"end":{"line":246,"column":null}},"61":{"start":{"line":254,"column":4},"end":{"line":254,"column":null}},"62":{"start":{"line":258,"column":4},"end":{"line":258,"column":null}},"63":{"start":{"line":267,"column":21},"end":{"line":269,"column":null}},"64":{"start":{"line":270,"column":4},"end":{"line":273,"column":null}},"65":{"start":{"line":277,"column":21},"end":{"line":277,"column":null}},"66":{"start":{"line":278,"column":4},"end":{"line":278,"column":null}},"67":{"start":{"line":286,"column":21},"end":{"line":286,"column":null}},"68":{"start":{"line":287,"column":4},"end":{"line":287,"column":null}},"69":{"start":{"line":291,"column":4},"end":{"line":291,"column":null}},"70":{"start":{"line":299,"column":25},"end":{"line":299,"column":null}},"71":{"start":{"line":300,"column":4},"end":{"line":300,"column":null}},"72":{"start":{"line":300,"column":23},"end":{"line":300,"column":null}},"73":{"start":{"line":301,"column":4},"end":{"line":301,"column":null}},"74":{"start":{"line":301,"column":24},"end":{"line":301,"column":null}},"75":{"start":{"line":302,"column":18},"end":{"line":302,"column":null}},"76":{"start":{"line":303,"column":21},"end":{"line":305,"column":null}},"77":{"start":{"line":306,"column":4},"end":{"line":306,"column":null}},"78":{"start":{"line":310,"column":21},"end":{"line":312,"column":null}},"79":{"start":{"line":313,"column":4},"end":{"line":313,"column":null}},"80":{"start":{"line":342,"column":21},"end":{"line":348,"column":null}},"81":{"start":{"line":349,"column":4},"end":{"line":349,"column":null}}},"fnMap":{"0":{"name":"(anonymous_0)","decl":{"start":{"line":59,"column":11},"end":{"line":59,"column":null}},"loc":{"start":{"line":63,"column":54},"end":{"line":72,"column":null}},"line":63},"1":{"name":"(anonymous_1)","decl":{"start":{"line":74,"column":14},"end":{"line":74,"column":21}},"loc":{"start":{"line":74,"column":56},"end":{"line":77,"column":null}},"line":74},"2":{"name":"(anonymous_2)","decl":{"start":{"line":79,"column":13},"end":{"line":79,"column":20}},"loc":{"start":{"line":79,"column":67},"end":{"line":82,"column":null}},"line":79},"3":{"name":"(anonymous_3)","decl":{"start":{"line":84,"column":13},"end":{"line":84,"column":20}},"loc":{"start":{"line":84,"column":88},"end":{"line":87,"column":null}},"line":84},"4":{"name":"(anonymous_4)","decl":{"start":{"line":89,"column":13},"end":{"line":89,"column":20}},"loc":{"start":{"line":89,"column":50},"end":{"line":91,"column":null}},"line":89},"5":{"name":"(anonymous_5)","decl":{"start":{"line":94,"column":20},"end":{"line":94,"column":null}},"loc":{"start":{"line":100,"column":39},"end":{"line":115,"column":null}},"line":100},"6":{"name":"(anonymous_6)","decl":{"start":{"line":118,"column":16},"end":{"line":118,"column":null}},"loc":{"start":{"line":127,"column":37},"end":{"line":150,"column":null}},"line":127},"7":{"name":"(anonymous_7)","decl":{"start":{"line":153,"column":14},"end":{"line":153,"column":21}},"loc":{"start":{"line":159,"column":36},"end":{"line":179,"column":null}},"line":159},"8":{"name":"(anonymous_8)","decl":{"start":{"line":182,"column":11},"end":{"line":182,"column":18}},"loc":{"start":{"line":182,"column":56},"end":{"line":185,"column":null}},"line":182},"9":{"name":"(anonymous_9)","decl":{"start":{"line":188,"column":17},"end":{"line":188,"column":24}},"loc":{"start":{"line":188,"column":81},"end":{"line":193,"column":null}},"line":188},"10":{"name":"(anonymous_10)","decl":{"start":{"line":195,"column":14},"end":{"line":195,"column":21}},"loc":{"start":{"line":195,"column":89},"end":{"line":200,"column":null}},"line":195},"11":{"name":"(anonymous_11)","decl":{"start":{"line":202,"column":16},"end":{"line":202,"column":null}},"loc":{"start":{"line":206,"column":76},"end":{"line":211,"column":null}},"line":206},"12":{"name":"(anonymous_12)","decl":{"start":{"line":214,"column":12},"end":{"line":214,"column":19}},"loc":{"start":{"line":214,"column":80},"end":{"line":218,"column":null}},"line":214},"13":{"name":"(anonymous_13)","decl":{"start":{"line":220,"column":22},"end":{"line":220,"column":null}},"loc":{"start":{"line":224,"column":22},"end":{"line":229,"column":null}},"line":224},"14":{"name":"(anonymous_14)","decl":{"start":{"line":231,"column":14},"end":{"line":231,"column":21}},"loc":{"start":{"line":231,"column":79},"end":{"line":234,"column":null}},"line":231},"15":{"name":"(anonymous_15)","decl":{"start":{"line":236,"column":14},"end":{"line":236,"column":null}},"loc":{"start":{"line":240,"column":22},"end":{"line":243,"column":null}},"line":240},"16":{"name":"(anonymous_16)","decl":{"start":{"line":245,"column":14},"end":{"line":245,"column":21}},"loc":{"start":{"line":245,"column":70},"end":{"line":247,"column":null}},"line":245},"17":{"name":"(anonymous_17)","decl":{"start":{"line":249,"column":22},"end":{"line":249,"column":null}},"loc":{"start":{"line":253,"column":22},"end":{"line":255,"column":null}},"line":253},"18":{"name":"(anonymous_18)","decl":{"start":{"line":257,"column":23},"end":{"line":257,"column":30}},"loc":{"start":{"line":257,"column":92},"end":{"line":259,"column":null}},"line":257},"19":{"name":"(anonymous_19)","decl":{"start":{"line":262,"column":12},"end":{"line":262,"column":null}},"loc":{"start":{"line":266,"column":50},"end":{"line":274,"column":null}},"line":266},"20":{"name":"(anonymous_20)","decl":{"start":{"line":276,"column":14},"end":{"line":276,"column":21}},"loc":{"start":{"line":276,"column":79},"end":{"line":279,"column":null}},"line":276},"21":{"name":"(anonymous_21)","decl":{"start":{"line":281,"column":14},"end":{"line":281,"column":null}},"loc":{"start":{"line":285,"column":22},"end":{"line":288,"column":null}},"line":285},"22":{"name":"(anonymous_22)","decl":{"start":{"line":290,"column":14},"end":{"line":290,"column":21}},"loc":{"start":{"line":290,"column":70},"end":{"line":292,"column":null}},"line":290},"23":{"name":"(anonymous_23)","decl":{"start":{"line":295,"column":17},"end":{"line":295,"column":null}},"loc":{"start":{"line":298,"column":36},"end":{"line":307,"column":null}},"line":298},"24":{"name":"(anonymous_24)","decl":{"start":{"line":309,"column":24},"end":{"line":309,"column":31}},"loc":{"start":{"line":309,"column":77},"end":{"line":314,"column":null}},"line":309},"25":{"name":"(anonymous_25)","decl":{"start":{"line":317,"column":17},"end":{"line":317,"column":null}},"loc":{"start":{"line":341,"column":8},"end":{"line":350,"column":null}},"line":341}},"branchMap":{"0":{"loc":{"start":{"line":60,"column":4},"end":{"line":60,"column":null}},"type":"default-arg","locations":[{"start":{"line":60,"column":12},"end":{"line":60,"column":null}}],"line":60},"1":{"loc":{"start":{"line":61,"column":4},"end":{"line":61,"column":null}},"type":"default-arg","locations":[{"start":{"line":61,"column":13},"end":{"line":61,"column":null}}],"line":61},"2":{"loc":{"start":{"line":70,"column":13},"end":{"line":70,"column":null}},"type":"binary-expr","locations":[{"start":{"line":70,"column":13},"end":{"line":70,"column":37}},{"start":{"line":70,"column":37},"end":{"line":70,"column":null}}],"line":70},"3":{"loc":{"start":{"line":95,"column":4},"end":{"line":98,"column":null}},"type":"default-arg","locations":[{"start":{"line":98,"column":8},"end":{"line":98,"column":null}}],"line":95},"4":{"loc":{"start":{"line":102,"column":4},"end":{"line":104,"column":null}},"type":"if","locations":[{"start":{"line":102,"column":4},"end":{"line":104,"column":null}},{"start":{},"end":{}}],"line":102},"5":{"loc":{"start":{"line":105,"column":4},"end":{"line":107,"column":null}},"type":"if","locations":[{"start":{"line":105,"column":4},"end":{"line":107,"column":null}},{"start":{},"end":{}}],"line":105},"6":{"loc":{"start":{"line":111,"column":24},"end":{"line":111,"column":48}},"type":"cond-expr","locations":[{"start":{"line":111,"column":32},"end":{"line":111,"column":46}},{"start":{"line":111,"column":46},"end":{"line":111,"column":48}}],"line":111},"7":{"loc":{"start":{"line":129,"column":4},"end":{"line":131,"column":null}},"type":"if","locations":[{"start":{"line":129,"column":4},"end":{"line":131,"column":null}},{"start":{},"end":{}}],"line":129},"8":{"loc":{"start":{"line":132,"column":4},"end":{"line":134,"column":null}},"type":"if","locations":[{"start":{"line":132,"column":4},"end":{"line":134,"column":null}},{"start":{},"end":{}}],"line":132},"9":{"loc":{"start":{"line":135,"column":4},"end":{"line":137,"column":null}},"type":"if","locations":[{"start":{"line":135,"column":4},"end":{"line":137,"column":null}},{"start":{},"end":{}}],"line":135},"10":{"loc":{"start":{"line":138,"column":4},"end":{"line":140,"column":null}},"type":"if","locations":[{"start":{"line":138,"column":4},"end":{"line":140,"column":null}},{"start":{},"end":{}}],"line":138},"11":{"loc":{"start":{"line":141,"column":4},"end":{"line":143,"column":null}},"type":"if","locations":[{"start":{"line":141,"column":4},"end":{"line":143,"column":null}},{"start":{},"end":{}}],"line":141},"12":{"loc":{"start":{"line":162,"column":4},"end":{"line":164,"column":null}},"type":"if","locations":[{"start":{"line":162,"column":4},"end":{"line":164,"column":null}},{"start":{},"end":{}}],"line":162},"13":{"loc":{"start":{"line":165,"column":4},"end":{"line":167,"column":null}},"type":"if","locations":[{"start":{"line":165,"column":4},"end":{"line":167,"column":null}},{"start":{},"end":{}}],"line":165},"14":{"loc":{"start":{"line":168,"column":4},"end":{"line":170,"column":null}},"type":"if","locations":[{"start":{"line":168,"column":4},"end":{"line":170,"column":null}},{"start":{},"end":{}}],"line":168},"15":{"loc":{"start":{"line":171,"column":4},"end":{"line":173,"column":null}},"type":"if","locations":[{"start":{"line":171,"column":4},"end":{"line":173,"column":null}},{"start":{},"end":{}}],"line":171},"16":{"loc":{"start":{"line":204,"column":4},"end":{"line":204,"column":null}},"type":"default-arg","locations":[{"start":{"line":204,"column":20},"end":{"line":204,"column":null}}],"line":204},"17":{"loc":{"start":{"line":205,"column":4},"end":{"line":205,"column":null}},"type":"default-arg","locations":[{"start":{"line":205,"column":24},"end":{"line":205,"column":null}}],"line":205},"18":{"loc":{"start":{"line":215,"column":19},"end":{"line":215,"column":null}},"type":"cond-expr","locations":[{"start":{"line":215,"column":26},"end":{"line":215,"column":44}},{"start":{"line":215,"column":44},"end":{"line":215,"column":null}}],"line":215},"19":{"loc":{"start":{"line":264,"column":4},"end":{"line":264,"column":null}},"type":"default-arg","locations":[{"start":{"line":264,"column":12},"end":{"line":264,"column":null}}],"line":264},"20":{"loc":{"start":{"line":265,"column":4},"end":{"line":265,"column":null}},"type":"default-arg","locations":[{"start":{"line":265,"column":13},"end":{"line":265,"column":null}}],"line":265},"21":{"loc":{"start":{"line":272,"column":13},"end":{"line":272,"column":null}},"type":"binary-expr","locations":[{"start":{"line":272,"column":13},"end":{"line":272,"column":37}},{"start":{"line":272,"column":37},"end":{"line":272,"column":null}}],"line":272},"22":{"loc":{"start":{"line":300,"column":4},"end":{"line":300,"column":null}},"type":"if","locations":[{"start":{"line":300,"column":4},"end":{"line":300,"column":null}},{"start":{},"end":{}}],"line":300},"23":{"loc":{"start":{"line":301,"column":4},"end":{"line":301,"column":null}},"type":"if","locations":[{"start":{"line":301,"column":4},"end":{"line":301,"column":null}},{"start":{},"end":{}}],"line":301},"24":{"loc":{"start":{"line":304,"column":31},"end":{"line":304,"column":55}},"type":"cond-expr","locations":[{"start":{"line":304,"column":39},"end":{"line":304,"column":53}},{"start":{"line":304,"column":53},"end":{"line":304,"column":55}}],"line":304}},"s":{"0":83,"1":2,"2":2,"3":1,"4":1,"5":1,"6":1,"7":1,"8":1,"9":1,"10":3,"11":3,"12":1,"13":3,"14":1,"15":3,"16":3,"17":3,"18":3,"19":3,"20":2,"21":3,"22":1,"23":3,"24":1,"25":3,"26":2,"27":3,"28":1,"29":3,"30":3,"31":2,"32":2,"33":2,"34":1,"35":2,"36":1,"37":2,"38":1,"39":2,"40":1,"41":2,"42":2,"43":1,"44":1,"45":1,"46":1,"47":1,"48":1,"49":1,"50":1,"51":2,"52":2,"53":2,"54":1,"55":1,"56":1,"57":1,"58":1,"59":1,"60":1,"61":1,"62":1,"63":2,"64":2,"65":1,"66":1,"67":1,"68":1,"69":1,"70":2,"71":2,"72":1,"73":2,"74":1,"75":2,"76":2,"77":2,"78":1,"79":1,"80":1,"81":1},"f":{"0":2,"1":1,"2":1,"3":1,"4":1,"5":3,"6":3,"7":2,"8":1,"9":1,"10":1,"11":1,"12":2,"13":1,"14":1,"15":1,"16":1,"17":1,"18":1,"19":2,"20":1,"21":1,"22":1,"23":2,"24":1,"25":1},"b":{"0":[2],"1":[2],"2":[2,2],"3":[3],"4":[1,2],"5":[1,2],"6":[2,1],"7":[2,1],"8":[1,2],"9":[1,2],"10":[2,1],"11":[1,2],"12":[1,1],"13":[1,1],"14":[1,1],"15":[1,1],"16":[1],"17":[1],"18":[1,1],"19":[2],"20":[2],"21":[2,2],"22":[1,1],"23":[1,1],"24":[1,1]},"meta":{"lastBranch":25,"lastFunction":26,"lastStatement":82,"seen":{"s:57:22:351:Infinity":0,"f:59:11:59:Infinity":0,"b:60:12:60:Infinity":0,"b:61:13:61:Infinity":1,"s:64:21:67:Infinity":1,"s:68:4:71:Infinity":2,"b:70:13:70:37:70:37:70:Infinity":2,"f:74:14:74:21":1,"s:75:21:75:Infinity":3,"s:76:4:76:Infinity":4,"f:79:13:79:20":2,"s:80:21:80:Infinity":5,"s:81:4:81:Infinity":6,"f:84:13:84:20":3,"s:85:21:85:Infinity":7,"s:86:4:86:Infinity":8,"f:89:13:89:20":4,"s:90:4:90:Infinity":9,"f:94:20:94:Infinity":5,"b:98:8:98:Infinity":3,"s:101:25:101:Infinity":10,"b:102:4:104:Infinity:undefined:undefined:undefined:undefined":4,"s:102:4:104:Infinity":11,"s:103:6:103:Infinity":12,"b:105:4:107:Infinity:undefined:undefined:undefined:undefined":5,"s:105:4:107:Infinity":13,"s:106:6:106:Infinity":14,"s:109:18:109:Infinity":15,"s:110:21:113:Infinity":16,"b:111:32:111:46:111:46:111:48":6,"s:114:4:114:Infinity":17,"f:118:16:118:Infinity":6,"s:128:25:128:Infinity":18,"b:129:4:131:Infinity:undefined:undefined:undefined:undefined":7,"s:129:4:131:Infinity":19,"s:130:6:130:Infinity":20,"b:132:4:134:Infinity:undefined:undefined:undefined:undefined":8,"s:132:4:134:Infinity":21,"s:133:6:133:Infinity":22,"b:135:4:137:Infinity:undefined:undefined:undefined:undefined":9,"s:135:4:137:Infinity":23,"s:136:6:136:Infinity":24,"b:138:4:140:Infinity:undefined:undefined:undefined:undefined":10,"s:138:4:140:Infinity":25,"s:139:6:139:Infinity":26,"b:141:4:143:Infinity:undefined:undefined:undefined:undefined":11,"s:141:4:143:Infinity":27,"s:142:6:142:Infinity":28,"s:145:21:148:Infinity":29,"s:149:4:149:Infinity":30,"f:153:14:153:21":7,"s:160:25:160:Infinity":31,"s:161:4:161:Infinity":32,"b:162:4:164:Infinity:undefined:undefined:undefined:undefined":12,"s:162:4:164:Infinity":33,"s:163:6:163:Infinity":34,"b:165:4:167:Infinity:undefined:undefined:undefined:undefined":13,"s:165:4:167:Infinity":35,"s:166:6:166:Infinity":36,"b:168:4:170:Infinity:undefined:undefined:undefined:undefined":14,"s:168:4:170:Infinity":37,"s:169:6:169:Infinity":38,"b:171:4:173:Infinity:undefined:undefined:undefined:undefined":15,"s:171:4:173:Infinity":39,"s:172:6:172:Infinity":40,"s:175:21:177:Infinity":41,"s:178:4:178:Infinity":42,"f:182:11:182:18":8,"s:183:21:183:Infinity":43,"s:184:4:184:Infinity":44,"f:188:17:188:24":9,"s:189:21:191:Infinity":45,"s:192:4:192:Infinity":46,"f:195:14:195:21":10,"s:196:21:198:Infinity":47,"s:199:4:199:Infinity":48,"f:202:16:202:Infinity":11,"b:204:20:204:Infinity":16,"b:205:24:205:Infinity":17,"s:207:21:209:Infinity":49,"s:210:4:210:Infinity":50,"f:214:12:214:19":12,"s:215:19:215:Infinity":51,"b:215:26:215:44:215:44:215:Infinity":18,"s:216:21:216:Infinity":52,"s:217:4:217:Infinity":53,"f:220:22:220:Infinity":13,"s:225:21:227:Infinity":54,"s:228:4:228:Infinity":55,"f:231:14:231:21":14,"s:232:21:232:Infinity":56,"s:233:4:233:Infinity":57,"f:236:14:236:Infinity":15,"s:241:21:241:Infinity":58,"s:242:4:242:Infinity":59,"f:245:14:245:21":16,"s:246:4:246:Infinity":60,"f:249:22:249:Infinity":17,"s:254:4:254:Infinity":61,"f:257:23:257:30":18,"s:258:4:258:Infinity":62,"f:262:12:262:Infinity":19,"b:264:12:264:Infinity":19,"b:265:13:265:Infinity":20,"s:267:21:269:Infinity":63,"s:270:4:273:Infinity":64,"b:272:13:272:37:272:37:272:Infinity":21,"f:276:14:276:21":20,"s:277:21:277:Infinity":65,"s:278:4:278:Infinity":66,"f:281:14:281:Infinity":21,"s:286:21:286:Infinity":67,"s:287:4:287:Infinity":68,"f:290:14:290:21":22,"s:291:4:291:Infinity":69,"f:295:17:295:Infinity":23,"s:299:25:299:Infinity":70,"b:300:4:300:Infinity:undefined:undefined:undefined:undefined":22,"s:300:4:300:Infinity":71,"s:300:23:300:Infinity":72,"b:301:4:301:Infinity:undefined:undefined:undefined:undefined":23,"s:301:4:301:Infinity":73,"s:301:24:301:Infinity":74,"s:302:18:302:Infinity":75,"s:303:21:305:Infinity":76,"b:304:39:304:53:304:53:304:55":24,"s:306:4:306:Infinity":77,"f:309:24:309:31":24,"s:310:21:312:Infinity":78,"s:313:4:313:Infinity":79,"f:317:17:317:Infinity":25,"s:342:21:348:Infinity":80,"s:349:4:349:Infinity":81}}}
,"C:\\projects\\2026\\neylin\\frontend\\src\\entities\\map\\map.queries.ts": {"path":"C:\\projects\\2026\\neylin\\frontend\\src\\entities\\map\\map.queries.ts","statementMap":{"0":{"start":{"line":14,"column":23},"end":{"line":36,"column":null}},"1":{"start":{"line":16,"column":15},"end":{"line":16,"column":null}},"2":{"start":{"line":17,"column":29},"end":{"line":17,"column":null}},"3":{"start":{"line":18,"column":17},"end":{"line":18,"column":null}},"4":{"start":{"line":19,"column":26},"end":{"line":19,"column":null}},"5":{"start":{"line":20,"column":15},"end":{"line":20,"column":null}},"6":{"start":{"line":21,"column":43},"end":{"line":21,"column":null}},"7":{"start":{"line":22,"column":31},"end":{"line":22,"column":null}},"8":{"start":{"line":24,"column":4},"end":{"line":24,"column":null}},"9":{"start":{"line":25,"column":15},"end":{"line":25,"column":null}},"10":{"start":{"line":26,"column":43},"end":{"line":26,"column":null}},"11":{"start":{"line":27,"column":31},"end":{"line":27,"column":null}},"12":{"start":{"line":28,"column":30},"end":{"line":28,"column":null}},"13":{"start":{"line":29,"column":37},"end":{"line":29,"column":null}},"14":{"start":{"line":30,"column":31},"end":{"line":30,"column":null}},"15":{"start":{"line":31,"column":35},"end":{"line":31,"column":null}},"16":{"start":{"line":32,"column":19},"end":{"line":32,"column":null}},"17":{"start":{"line":33,"column":50},"end":{"line":33,"column":null}},"18":{"start":{"line":34,"column":30},"end":{"line":34,"column":null}},"19":{"start":{"line":35,"column":37},"end":{"line":35,"column":null}},"20":{"start":{"line":39,"column":23},"end":{"line":44,"column":null}},"21":{"start":{"line":40,"column":2},"end":{"line":43,"column":null}},"22":{"start":{"line":46,"column":22},"end":{"line":52,"column":null}},"23":{"start":{"line":47,"column":2},"end":{"line":51,"column":null}},"24":{"start":{"line":49,"column":19},"end":{"line":49,"column":null}},"25":{"start":{"line":54,"column":28},"end":{"line":63,"column":null}},"26":{"start":{"line":55,"column":8},"end":{"line":55,"column":null}},"27":{"start":{"line":57,"column":2},"end":{"line":62,"column":null}},"28":{"start":{"line":60,"column":6},"end":{"line":60,"column":null}},"29":{"start":{"line":65,"column":28},"end":{"line":107,"column":null}},"30":{"start":{"line":66,"column":8},"end":{"line":66,"column":null}},"31":{"start":{"line":68,"column":2},"end":{"line":106,"column":null}},"32":{"start":{"line":72,"column":6},"end":{"line":72,"column":null}},"33":{"start":{"line":75,"column":30},"end":{"line":77,"column":null}},"34":{"start":{"line":80,"column":6},"end":{"line":92,"column":null}},"35":{"start":{"line":83,"column":10},"end":{"line":83,"column":null}},"36":{"start":{"line":83,"column":26},"end":{"line":83,"column":null}},"37":{"start":{"line":84,"column":27},"end":{"line":84,"column":null}},"38":{"start":{"line":84,"column":48},"end":{"line":84,"column":62}},"39":{"start":{"line":85,"column":10},"end":{"line":90,"column":null}},"40":{"start":{"line":94,"column":6},"end":{"line":94,"column":null}},"41":{"start":{"line":98,"column":6},"end":{"line":100,"column":null}},"42":{"start":{"line":99,"column":8},"end":{"line":99,"column":null}},"43":{"start":{"line":104,"column":6},"end":{"line":104,"column":null}},"44":{"start":{"line":109,"column":28},"end":{"line":123,"column":null}},"45":{"start":{"line":110,"column":8},"end":{"line":110,"column":null}},"46":{"start":{"line":112,"column":2},"end":{"line":122,"column":null}},"47":{"start":{"line":114,"column":6},"end":{"line":114,"column":null}},"48":{"start":{"line":116,"column":6},"end":{"line":116,"column":null}},"49":{"start":{"line":117,"column":6},"end":{"line":117,"column":null}},"50":{"start":{"line":118,"column":6},"end":{"line":118,"column":null}},"51":{"start":{"line":119,"column":6},"end":{"line":119,"column":null}},"52":{"start":{"line":120,"column":6},"end":{"line":120,"column":null}},"53":{"start":{"line":126,"column":27},"end":{"line":132,"column":null}},"54":{"start":{"line":127,"column":2},"end":{"line":131,"column":null}},"55":{"start":{"line":129,"column":19},"end":{"line":129,"column":null}},"56":{"start":{"line":134,"column":29},"end":{"line":145,"column":null}},"57":{"start":{"line":135,"column":8},"end":{"line":135,"column":null}},"58":{"start":{"line":137,"column":2},"end":{"line":144,"column":null}},"59":{"start":{"line":138,"column":67},"end":{"line":138,"column":null}},"60":{"start":{"line":140,"column":6},"end":{"line":140,"column":null}},"61":{"start":{"line":141,"column":6},"end":{"line":141,"column":null}},"62":{"start":{"line":142,"column":6},"end":{"line":142,"column":null}},"63":{"start":{"line":147,"column":29},"end":{"line":160,"column":null}},"64":{"start":{"line":148,"column":8},"end":{"line":148,"column":null}},"65":{"start":{"line":150,"column":2},"end":{"line":159,"column":null}},"66":{"start":{"line":152,"column":6},"end":{"line":152,"column":null}},"67":{"start":{"line":154,"column":6},"end":{"line":154,"column":null}},"68":{"start":{"line":155,"column":6},"end":{"line":155,"column":null}},"69":{"start":{"line":156,"column":6},"end":{"line":156,"column":null}},"70":{"start":{"line":157,"column":6},"end":{"line":157,"column":null}},"71":{"start":{"line":162,"column":29},"end":{"line":174,"column":null}},"72":{"start":{"line":163,"column":8},"end":{"line":163,"column":null}},"73":{"start":{"line":165,"column":2},"end":{"line":173,"column":null}},"74":{"start":{"line":166,"column":36},"end":{"line":166,"column":null}},"75":{"start":{"line":168,"column":6},"end":{"line":168,"column":null}},"76":{"start":{"line":169,"column":6},"end":{"line":169,"column":null}},"77":{"start":{"line":170,"column":6},"end":{"line":170,"column":null}},"78":{"start":{"line":171,"column":6},"end":{"line":171,"column":null}},"79":{"start":{"line":177,"column":27},"end":{"line":183,"column":null}},"80":{"start":{"line":178,"column":2},"end":{"line":182,"column":null}},"81":{"start":{"line":180,"column":19},"end":{"line":180,"column":null}},"82":{"start":{"line":185,"column":29},"end":{"line":195,"column":null}},"83":{"start":{"line":186,"column":8},"end":{"line":186,"column":null}},"84":{"start":{"line":188,"column":2},"end":{"line":194,"column":null}},"85":{"start":{"line":189,"column":45},"end":{"line":189,"column":null}},"86":{"start":{"line":191,"column":6},"end":{"line":191,"column":null}},"87":{"start":{"line":192,"column":6},"end":{"line":192,"column":null}},"88":{"start":{"line":197,"column":29},"end":{"line":209,"column":null}},"89":{"start":{"line":198,"column":8},"end":{"line":198,"column":null}},"90":{"start":{"line":200,"column":2},"end":{"line":208,"column":null}},"91":{"start":{"line":202,"column":6},"end":{"line":202,"column":null}},"92":{"start":{"line":204,"column":6},"end":{"line":204,"column":null}},"93":{"start":{"line":205,"column":6},"end":{"line":205,"column":null}},"94":{"start":{"line":206,"column":6},"end":{"line":206,"column":null}},"95":{"start":{"line":211,"column":29},"end":{"line":222,"column":null}},"96":{"start":{"line":212,"column":8},"end":{"line":212,"column":null}},"97":{"start":{"line":214,"column":2},"end":{"line":221,"column":null}},"98":{"start":{"line":215,"column":36},"end":{"line":215,"column":null}},"99":{"start":{"line":217,"column":6},"end":{"line":217,"column":null}},"100":{"start":{"line":218,"column":6},"end":{"line":218,"column":null}},"101":{"start":{"line":219,"column":6},"end":{"line":219,"column":null}},"102":{"start":{"line":230,"column":26},"end":{"line":237,"column":null}},"103":{"start":{"line":231,"column":2},"end":{"line":236,"column":null}},"104":{"start":{"line":233,"column":19},"end":{"line":233,"column":null}},"105":{"start":{"line":242,"column":33},"end":{"line":249,"column":null}},"106":{"start":{"line":243,"column":2},"end":{"line":248,"column":null}},"107":{"start":{"line":245,"column":19},"end":{"line":245,"column":null}},"108":{"start":{"line":252,"column":34},"end":{"line":259,"column":null}},"109":{"start":{"line":253,"column":2},"end":{"line":258,"column":null}},"110":{"start":{"line":255,"column":19},"end":{"line":255,"column":null}},"111":{"start":{"line":261,"column":32},"end":{"line":267,"column":null}},"112":{"start":{"line":262,"column":2},"end":{"line":266,"column":null}},"113":{"start":{"line":264,"column":19},"end":{"line":264,"column":null}},"114":{"start":{"line":269,"column":31},"end":{"line":279,"column":null}},"115":{"start":{"line":270,"column":8},"end":{"line":270,"column":null}},"116":{"start":{"line":272,"column":2},"end":{"line":278,"column":null}},"117":{"start":{"line":273,"column":22},"end":{"line":273,"column":null}},"118":{"start":{"line":275,"column":6},"end":{"line":275,"column":null}},"119":{"start":{"line":276,"column":6},"end":{"line":276,"column":null}},"120":{"start":{"line":282,"column":37},"end":{"line":287,"column":null}},"121":{"start":{"line":283,"column":2},"end":{"line":286,"column":null}},"122":{"start":{"line":285,"column":6},"end":{"line":285,"column":null}},"123":{"start":{"line":289,"column":38},"end":{"line":294,"column":null}},"124":{"start":{"line":290,"column":2},"end":{"line":293,"column":null}},"125":{"start":{"line":292,"column":6},"end":{"line":292,"column":null}},"126":{"start":{"line":297,"column":37},"end":{"line":326,"column":null}},"127":{"start":{"line":298,"column":8},"end":{"line":298,"column":null}},"128":{"start":{"line":300,"column":2},"end":{"line":325,"column":null}},"129":{"start":{"line":318,"column":10},"end":{"line":318,"column":null}},"130":{"start":{"line":320,"column":6},"end":{"line":320,"column":null}},"131":{"start":{"line":321,"column":6},"end":{"line":321,"column":null}},"132":{"start":{"line":322,"column":6},"end":{"line":322,"column":null}},"133":{"start":{"line":323,"column":6},"end":{"line":323,"column":null}},"134":{"start":{"line":336,"column":32},"end":{"line":344,"column":null}},"135":{"start":{"line":337,"column":37},"end":{"line":337,"column":null}},"136":{"start":{"line":338,"column":2},"end":{"line":343,"column":null}},"137":{"start":{"line":340,"column":19},"end":{"line":340,"column":null}},"138":{"start":{"line":357,"column":31},"end":{"line":374,"column":null}},"139":{"start":{"line":358,"column":37},"end":{"line":358,"column":null}},"140":{"start":{"line":359,"column":2},"end":{"line":373,"column":null}},"141":{"start":{"line":369,"column":19},"end":{"line":369,"column":null}},"142":{"start":{"line":385,"column":29},"end":{"line":392,"column":null}},"143":{"start":{"line":386,"column":15},"end":{"line":386,"column":null}},"144":{"start":{"line":387,"column":2},"end":{"line":391,"column":null}},"145":{"start":{"line":389,"column":19},"end":{"line":389,"column":null}},"146":{"start":{"line":394,"column":26},"end":{"line":405,"column":null}},"147":{"start":{"line":395,"column":8},"end":{"line":395,"column":null}},"148":{"start":{"line":397,"column":2},"end":{"line":404,"column":null}},"149":{"start":{"line":400,"column":6},"end":{"line":400,"column":null}},"150":{"start":{"line":401,"column":6},"end":{"line":401,"column":null}},"151":{"start":{"line":402,"column":6},"end":{"line":402,"column":null}},"152":{"start":{"line":407,"column":32},"end":{"line":421,"column":null}},"153":{"start":{"line":408,"column":8},"end":{"line":408,"column":null}},"154":{"start":{"line":410,"column":2},"end":{"line":420,"column":null}},"155":{"start":{"line":412,"column":6},"end":{"line":412,"column":null}},"156":{"start":{"line":414,"column":6},"end":{"line":414,"column":null}},"157":{"start":{"line":415,"column":6},"end":{"line":415,"column":null}},"158":{"start":{"line":416,"column":6},"end":{"line":416,"column":null}},"159":{"start":{"line":417,"column":6},"end":{"line":417,"column":null}},"160":{"start":{"line":418,"column":6},"end":{"line":418,"column":null}},"161":{"start":{"line":424,"column":29},"end":{"line":430,"column":null}},"162":{"start":{"line":425,"column":2},"end":{"line":429,"column":null}},"163":{"start":{"line":427,"column":19},"end":{"line":427,"column":null}},"164":{"start":{"line":432,"column":36},"end":{"line":438,"column":null}},"165":{"start":{"line":433,"column":2},"end":{"line":437,"column":null}},"166":{"start":{"line":435,"column":19},"end":{"line":435,"column":null}}},"fnMap":{"0":{"name":"(anonymous_0)","decl":{"start":{"line":16,"column":9},"end":{"line":16,"column":15}},"loc":{"start":{"line":16,"column":15},"end":{"line":16,"column":null}},"line":16},"1":{"name":"(anonymous_1)","decl":{"start":{"line":17,"column":8},"end":{"line":17,"column":9}},"loc":{"start":{"line":17,"column":29},"end":{"line":17,"column":null}},"line":17},"2":{"name":"(anonymous_2)","decl":{"start":{"line":18,"column":11},"end":{"line":18,"column":17}},"loc":{"start":{"line":18,"column":17},"end":{"line":18,"column":null}},"line":18},"3":{"name":"(anonymous_3)","decl":{"start":{"line":19,"column":10},"end":{"line":19,"column":11}},"loc":{"start":{"line":19,"column":26},"end":{"line":19,"column":null}},"line":19},"4":{"name":"(anonymous_4)","decl":{"start":{"line":20,"column":9},"end":{"line":20,"column":15}},"loc":{"start":{"line":20,"column":15},"end":{"line":20,"column":null}},"line":20},"5":{"name":"(anonymous_5)","decl":{"start":{"line":21,"column":8},"end":{"line":21,"column":9}},"loc":{"start":{"line":21,"column":43},"end":{"line":21,"column":null}},"line":21},"6":{"name":"(anonymous_6)","decl":{"start":{"line":22,"column":12},"end":{"line":22,"column":13}},"loc":{"start":{"line":22,"column":31},"end":{"line":22,"column":null}},"line":22},"7":{"name":"(anonymous_7)","decl":{"start":{"line":23,"column":19},"end":{"line":23,"column":20}},"loc":{"start":{"line":24,"column":4},"end":{"line":24,"column":null}},"line":24},"8":{"name":"(anonymous_8)","decl":{"start":{"line":25,"column":9},"end":{"line":25,"column":15}},"loc":{"start":{"line":25,"column":15},"end":{"line":25,"column":null}},"line":25},"9":{"name":"(anonymous_9)","decl":{"start":{"line":26,"column":8},"end":{"line":26,"column":9}},"loc":{"start":{"line":26,"column":43},"end":{"line":26,"column":null}},"line":26},"10":{"name":"(anonymous_10)","decl":{"start":{"line":27,"column":12},"end":{"line":27,"column":13}},"loc":{"start":{"line":27,"column":31},"end":{"line":27,"column":null}},"line":27},"11":{"name":"(anonymous_11)","decl":{"start":{"line":28,"column":11},"end":{"line":28,"column":12}},"loc":{"start":{"line":28,"column":30},"end":{"line":28,"column":null}},"line":28},"12":{"name":"(anonymous_12)","decl":{"start":{"line":29,"column":18},"end":{"line":29,"column":19}},"loc":{"start":{"line":29,"column":37},"end":{"line":29,"column":null}},"line":29},"13":{"name":"(anonymous_13)","decl":{"start":{"line":30,"column":12},"end":{"line":30,"column":13}},"loc":{"start":{"line":30,"column":31},"end":{"line":30,"column":null}},"line":30},"14":{"name":"(anonymous_14)","decl":{"start":{"line":31,"column":12},"end":{"line":31,"column":13}},"loc":{"start":{"line":31,"column":35},"end":{"line":31,"column":null}},"line":31},"15":{"name":"(anonymous_15)","decl":{"start":{"line":32,"column":13},"end":{"line":32,"column":19}},"loc":{"start":{"line":32,"column":19},"end":{"line":32,"column":null}},"line":32},"16":{"name":"(anonymous_16)","decl":{"start":{"line":33,"column":10},"end":{"line":33,"column":11}},"loc":{"start":{"line":33,"column":50},"end":{"line":33,"column":null}},"line":33},"17":{"name":"(anonymous_17)","decl":{"start":{"line":34,"column":11},"end":{"line":34,"column":12}},"loc":{"start":{"line":34,"column":30},"end":{"line":34,"column":null}},"line":34},"18":{"name":"(anonymous_18)","decl":{"start":{"line":35,"column":18},"end":{"line":35,"column":19}},"loc":{"start":{"line":35,"column":37},"end":{"line":35,"column":null}},"line":35},"19":{"name":"(anonymous_19)","decl":{"start":{"line":39,"column":23},"end":{"line":39,"column":29}},"loc":{"start":{"line":39,"column":29},"end":{"line":44,"column":null}},"line":39},"20":{"name":"(anonymous_20)","decl":{"start":{"line":46,"column":22},"end":{"line":46,"column":23}},"loc":{"start":{"line":46,"column":38},"end":{"line":52,"column":null}},"line":46},"21":{"name":"(anonymous_21)","decl":{"start":{"line":49,"column":13},"end":{"line":49,"column":19}},"loc":{"start":{"line":49,"column":19},"end":{"line":49,"column":null}},"line":49},"22":{"name":"(anonymous_22)","decl":{"start":{"line":54,"column":28},"end":{"line":54,"column":34}},"loc":{"start":{"line":54,"column":34},"end":{"line":63,"column":null}},"line":54},"23":{"name":"(anonymous_23)","decl":{"start":{"line":59,"column":15},"end":{"line":59,"column":21}},"loc":{"start":{"line":59,"column":21},"end":{"line":61,"column":null}},"line":59},"24":{"name":"(anonymous_24)","decl":{"start":{"line":65,"column":28},"end":{"line":65,"column":34}},"loc":{"start":{"line":65,"column":34},"end":{"line":107,"column":null}},"line":65},"25":{"name":"(anonymous_25)","decl":{"start":{"line":70,"column":14},"end":{"line":70,"column":21}},"loc":{"start":{"line":70,"column":39},"end":{"line":95,"column":null}},"line":70},"26":{"name":"(anonymous_26)","decl":{"start":{"line":82,"column":8},"end":{"line":82,"column":15}},"loc":{"start":{"line":82,"column":15},"end":{"line":91,"column":null}},"line":82},"27":{"name":"(anonymous_27)","decl":{"start":{"line":84,"column":43},"end":{"line":84,"column":48}},"loc":{"start":{"line":84,"column":48},"end":{"line":84,"column":62}},"line":84},"28":{"name":"(anonymous_28)","decl":{"start":{"line":96,"column":13},"end":{"line":96,"column":14}},"loc":{"start":{"line":96,"column":40},"end":{"line":101,"column":null}},"line":96},"29":{"name":"(anonymous_29)","decl":{"start":{"line":98,"column":40},"end":{"line":98,"column":41}},"loc":{"start":{"line":98,"column":57},"end":{"line":100,"column":7}},"line":98},"30":{"name":"(anonymous_30)","decl":{"start":{"line":102,"column":15},"end":{"line":102,"column":21}},"loc":{"start":{"line":102,"column":21},"end":{"line":105,"column":null}},"line":102},"31":{"name":"(anonymous_31)","decl":{"start":{"line":109,"column":28},"end":{"line":109,"column":29}},"loc":{"start":{"line":109,"column":47},"end":{"line":123,"column":null}},"line":109},"32":{"name":"(anonymous_32)","decl":{"start":{"line":113,"column":16},"end":{"line":113,"column":17}},"loc":{"start":{"line":114,"column":6},"end":{"line":114,"column":null}},"line":114},"33":{"name":"(anonymous_33)","decl":{"start":{"line":115,"column":15},"end":{"line":115,"column":21}},"loc":{"start":{"line":115,"column":21},"end":{"line":121,"column":null}},"line":115},"34":{"name":"(anonymous_34)","decl":{"start":{"line":126,"column":27},"end":{"line":126,"column":28}},"loc":{"start":{"line":126,"column":46},"end":{"line":132,"column":null}},"line":126},"35":{"name":"(anonymous_35)","decl":{"start":{"line":129,"column":13},"end":{"line":129,"column":19}},"loc":{"start":{"line":129,"column":19},"end":{"line":129,"column":null}},"line":129},"36":{"name":"(anonymous_36)","decl":{"start":{"line":134,"column":29},"end":{"line":134,"column":30}},"loc":{"start":{"line":134,"column":48},"end":{"line":145,"column":null}},"line":134},"37":{"name":"(anonymous_37)","decl":{"start":{"line":138,"column":16},"end":{"line":138,"column":17}},"loc":{"start":{"line":138,"column":67},"end":{"line":138,"column":null}},"line":138},"38":{"name":"(anonymous_38)","decl":{"start":{"line":139,"column":15},"end":{"line":139,"column":21}},"loc":{"start":{"line":139,"column":21},"end":{"line":143,"column":null}},"line":139},"39":{"name":"(anonymous_39)","decl":{"start":{"line":147,"column":29},"end":{"line":147,"column":30}},"loc":{"start":{"line":147,"column":48},"end":{"line":160,"column":null}},"line":147},"40":{"name":"(anonymous_40)","decl":{"start":{"line":151,"column":16},"end":{"line":151,"column":17}},"loc":{"start":{"line":152,"column":6},"end":{"line":152,"column":null}},"line":152},"41":{"name":"(anonymous_41)","decl":{"start":{"line":153,"column":15},"end":{"line":153,"column":16}},"loc":{"start":{"line":153,"column":37},"end":{"line":158,"column":null}},"line":153},"42":{"name":"(anonymous_42)","decl":{"start":{"line":162,"column":29},"end":{"line":162,"column":30}},"loc":{"start":{"line":162,"column":48},"end":{"line":174,"column":null}},"line":162},"43":{"name":"(anonymous_43)","decl":{"start":{"line":166,"column":16},"end":{"line":166,"column":17}},"loc":{"start":{"line":166,"column":36},"end":{"line":166,"column":null}},"line":166},"44":{"name":"(anonymous_44)","decl":{"start":{"line":167,"column":15},"end":{"line":167,"column":21}},"loc":{"start":{"line":167,"column":21},"end":{"line":172,"column":null}},"line":167},"45":{"name":"(anonymous_45)","decl":{"start":{"line":177,"column":27},"end":{"line":177,"column":28}},"loc":{"start":{"line":177,"column":46},"end":{"line":183,"column":null}},"line":177},"46":{"name":"(anonymous_46)","decl":{"start":{"line":180,"column":13},"end":{"line":180,"column":19}},"loc":{"start":{"line":180,"column":19},"end":{"line":180,"column":null}},"line":180},"47"
[...]
[1,1],"28":[1,1],"29":[2,2],"30":[1,6],"31":[1,2],"32":[1,1]},"meta":{"lastBranch":33,"lastFunction":16,"lastStatement":76,"seen":{"s:44:31:53:Infinity":0,"s:59:62:68:Infinity":1,"s:74:37:82:Infinity":2,"f:74:37:74:38":0,"s:75:18:75:Infinity":3,"s:76:8:76:Infinity":4,"b:78:2:80:Infinity:undefined:undefined:undefined:undefined":0,"s:78:2:80:Infinity":5,"s:79:4:79:Infinity":6,"b:79:11:79:43:79:43:79:Infinity":1,"s:81:2:81:Infinity":7,"s:88:66:97:Infinity":8,"s:108:69:117:Infinity":9,"s:127:33:145:Infinity":10,"f:127:33:127:34":1,"b:128:2:130:Infinity:undefined:undefined:undefined:undefined":2,"s:128:2:130:Infinity":11,"b:128:6:128:29:128:29:128:55":3,"s:129:4:129:Infinity":12,"s:133:2:142:Infinity":13,"b:134:4:141:Infinity:undefined:undefined:undefined:undefined":4,"s:134:4:141:Infinity":14,"b:134:8:134:35:134:35:134:60":5,"s:135:19:135:Infinity":15,"s:136:6:140:Infinity":16,"s:144:2:144:Infinity":17,"s:150:37:153:Infinity":18,"f:150:37:150:38":2,"s:151:15:151:Infinity":19,"s:152:2:152:Infinity":20,"b:152:9:152:23:152:23:152:Infinity":6,"s:158:31:173:Infinity":21,"f:158:31:158:Infinity":3,"b:160:34:160:Infinity":7,"b:162:2:167:Infinity:undefined:undefined:undefined:undefined":8,"s:162:2:167:Infinity":22,"s:163:4:166:Infinity":23,"b:164:14:164:32:164:32:164:Infinity":9,"b:165:13:165:44:165:44:165:Infinity":10,"s:169:2:172:Infinity":24,"b:170:12:170:33:170:33:170:Infinity":11,"b:171:11:171:45:171:45:171:Infinity":12,"s:178:34:184:Infinity":25,"f:178:34:178:35":4,"b:179:2:181:Infinity:undefined:undefined:undefined:undefined":13,"s:179:2:181:Infinity":26,"s:180:4:180:Infinity":27,"s:183:2:183:Infinity":28,"b:183:9:183:51:183:51:183:Infinity":14,"s:189:40:195:Infinity":29,"f:189:40:189:41":5,"b:190:2:192:Infinity:undefined:undefined:undefined:undefined":15,"s:190:2:192:Infinity":30,"s:191:4:191:Infinity":31,"s:194:2:194:Infinity":32,"b:194:9:194:58:194:58:194:Infinity":16,"s:200:25:202:Infinity":33,"f:200:25:200:26":6,"s:201:2:201:Infinity":34,"b:201:12:201:30:201:30:201:Infinity":17,"s:207:31:212:Infinity":35,"f:207:31:207:32":7,"b:208:2:210:Infinity:undefined:undefined:undefined:undefined":18,"s:208:2:210:Infinity":36,"s:209:4:209:Infinity":37,"b:209:11:209:38:209:38:209:Infinity":19,"s:211:2:211:Infinity":38,"b:211:9:211:39:211:39:211:Infinity":20,"s:217:33:234:Infinity":39,"f:217:33:217:34":8,"b:218:2:220:Infinity:undefined:undefined:undefined:undefined":21,"s:218:2:220:Infinity":40,"b:218:6:218:17:218:17:218:24":22,"s:219:4:219:Infinity":41,"s:222:18:222:Infinity":42,"b:223:2:225:Infinity:undefined:undefined:undefined:undefined":23,"s:223:2:225:Infinity":43,"s:224:4:224:Infinity":44,"s:227:20:227:Infinity":45,"b:228:2:230:Infinity:undefined:undefined:undefined:undefined":24,"s:228:2:230:Infinity":46,"s:229:4:229:Infinity":47,"s:232:8:232:Infinity":48,"s:233:2:233:Infinity":49,"s:239:28:246:Infinity":50,"f:239:28:239:29":9,"b:240:2:242:Infinity:undefined:undefined:undefined:undefined":25,"s:240:2:242:Infinity":51,"b:240:6:240:25:240:25:240:47":26,"s:241:4:241:Infinity":52,"s:244:22:244:Infinity":53,"b:244:41:244:49:244:49:244:Infinity":27,"s:245:2:245:Infinity":54,"s:251:36:253:Infinity":55,"f:251:36:251:37":10,"s:252:2:252:Infinity":56,"b:252:28:252:43:252:43:252:Infinity":28,"s:262:29:264:Infinity":57,"f:262:29:262:30":11,"s:263:2:263:Infinity":58,"b:263:9:263:24:263:24:263:Infinity":29,"s:269:27:271:Infinity":59,"f:269:27:269:28":12,"s:270:2:270:Infinity":60,"s:280:27:282:Infinity":61,"f:280:27:280:47":13,"s:281:2:281:Infinity":62,"s:287:28:291:Infinity":63,"f:287:28:287:29":14,"b:288:2:288:Infinity:undefined:undefined:undefined:undefined":30,"s:288:2:288:Infinity":64,"s:288:13:288:Infinity":65,"s:289:16:289:Infinity":66,"s:290:2:290:Infinity":67,"s:297:28:307:Infinity":68,"f:297:28:297:Infinity":15,"s:301:17:301:Infinity":69,"s:302:17:302:Infinity":70,"b:304:2:304:Infinity:undefined:undefined:undefined:undefined":31,"s:304:2:304:Infinity":71,"s:304:23:304:Infinity":72,"b:305:2:305:Infinity:undefined:undefined:undefined:undefined":32,"s:305:2:305:Infinity":73,"s:305:23:305:Infinity":74,"s:306:2:306:Infinity":75}}}
,"C:\\projects\\2026\\neylin\\frontend\\src\\shared\\lib\\sanitize\\sanitize.ts": {"path":"C:\\projects\\2026\\neylin\\frontend\\src\\shared\\lib\\sanitize\\sanitize.ts","statementMap":{"0":{"start":{"line":7,"column":28},"end":{"line":32,"column":null}},"1":{"start":{"line":8,"column":2},"end":{"line":31,"column":null}}},"fnMap":{"0":{"name":"(anonymous_0)","decl":{"start":{"line":7,"column":28},"end":{"line":7,"column":29}},"loc":{"start":{"line":7,"column":54},"end":{"line":32,"column":null}},"line":7}},"branchMap":{},"s":{"0":2,"1":8},"f":{"0":8},"b":{},"meta":{"lastBranch":0,"lastFunction":1,"lastStatement":2,"seen":{"s:7:28:32:Infinity":0,"f:7:28:7:29":0,"s:8:2:31:Infinity":1}}}
,"C:\\projects\\2026\\neylin\\frontend\\src\\shared\\lib\\use-copy-to-clipboard\\use-copy-to-clipboard.ts": {"path":"C:\\projects\\2026\\neylin\\frontend\\src\\shared\\lib\\use-copy-to-clipboard\\use-copy-to-clipboard.ts","statementMap":{"0":{"start":{"line":26,"column":34},"end":{"line":68,"column":null}},"1":{"start":{"line":29,"column":29},"end":{"line":29,"column":null}},"2":{"start":{"line":30,"column":26},"end":{"line":30,"column":null}},"3":{"start":{"line":32,"column":8},"end":{"line":65,"column":null}},"4":{"start":{"line":34,"column":6},"end":{"line":62,"column":null}},"5":{"start":{"line":36,"column":8},"end":{"line":41,"column":null}},"6":{"start":{"line":37,"column":10},"end":{"line":37,"column":null}},"7":{"start":{"line":38,"column":10},"end":{"line":38,"column":null}},"8":{"start":{"line":39,"column":10},"end":{"line":39,"column":null}},"9":{"start":{"line":39,"column":27},"end":{"line":39,"column":45}},"10":{"start":{"line":40,"column":10},"end":{"line":40,"column":null}},"11":{"start":{"line":44,"column":25},"end":{"line":44,"column":null}},"12":{"start":{"line":45,"column":8},"end":{"line":45,"column":null}},"13":{"start":{"line":46,"column":8},"end":{"line":46,"column":null}},"14":{"start":{"line":47,"column":8},"end":{"line":47,"column":null}},"15":{"start":{"line":48,"column":8},"end":{"line":48,"column":null}},"16":{"start":{"line":49,"column":8},"end":{"line":49,"column":null}},"17":{"start":{"line":50,"column":8},"end":{"line":50,"column":null}},"18":{"start":{"line":51,"column":24},"end":{"line":51,"column":null}},"19":{"start":{"line":52,"column":8},"end":{"line":52,"column":null}},"20":{"start":{"line":54,"column":8},"end":{"line":58,"column":null}},"21":{"start":{"line":55,"column":10},"end":{"line":55,"column":null}},"22":{"start":{"line":56,"column":10},"end":{"line":56,"column":null}},"23":{"start":{"line":56,"column":27},"end":{"line":56,"column":45}},"24":{"start":{"line":57,"column":10},"end":{"line":57,"column":null}},"25":{"start":{"line":59,"column":8},"end":{"line":59,"column":null}},"26":{"start":{"line":61,"column":8},"end":{"line":61,"column":null}},"27":{"start":{"line":67,"column":2},"end":{"line":67,"column":null}}},"fnMap":{"0":{"name":"(anonymous_0)","decl":{"start":{"line":26,"column":34},"end":{"line":26,"column":null}},"loc":{"start":{"line":28,"column":31},"end":{"line":68,"column":null}},"line":28},"1":{"name":"(anonymous_1)","decl":{"start":{"line":33,"column":4},"end":{"line":33,"column":11}},"loc":{"start":{"line":33,"column":46},"end":{"line":63,"column":null}},"line":33},"2":{"name":"(anonymous_2)","decl":{"start":{"line":39,"column":21},"end":{"line":39,"column":27}},"loc":{"start":{"line":39,"column":27},"end":{"line":39,"column":45}},"line":39},"3":{"name":"(anonymous_3)","decl":{"start":{"line":56,"column":21},"end":{"line":56,"column":27}},"loc":{"start":{"line":56,"column":27},"end":{"line":56,"column":45}},"line":56}},"branchMap":{"0":{"loc":{"start":{"line":27,"column":2},"end":{"line":27,"column":null}},"type":"default-arg","locations":[{"start":{"line":27,"column":39},"end":{"line":27,"column":null}}],"line":27},"1":{"loc":{"start":{"line":29,"column":10},"end":{"line":29,"column":25}},"type":"default-arg","locations":[{"start":{"line":29,"column":20},"end":{"line":29,"column":25}}],"line":29},"2":{"loc":{"start":{"line":36,"column":8},"end":{"line":41,"column":null}},"type":"if","locations":[{"start":{"line":36,"column":8},"end":{"line":41,"column":null}},{"start":{},"end":{}}],"line":36},"3":{"loc":{"start":{"line":54,"column":8},"end":{"line":58,"column":null}},"type":"if","locations":[{"start":{"line":54,"column":8},"end":{"line":58,"column":null}},{"start":{},"end":{}}],"line":54}},"s":{"0":2,"1":8,"2":8,"3":8,"4":4,"5":4,"6":2,"7":1,"8":1,"9":1,"10":1,"11":2,"12":2,"13":2,"14":2,"15":2,"16":2,"17":2,"18":2,"19":2,"20":2,"21":1,"22":1,"23":1,"24":1,"25":1,"26":1,"27":8},"f":{"0":8,"1":4,"2":1,"3":1},"b":{"0":[8],"1":[8],"2":[2,2],"3":[1,1]},"meta":{"lastBranch":4,"lastFunction":4,"lastStatement":28,"seen":{"s:26:34:68:Infinity":0,"f:26:34:26:Infinity":0,"b:27:39:27:Infinity":0,"s:29:29:29:Infinity":1,"b:29:20:29:25":1,"s:30:26:30:Infinity":2,"s:32:8:65:Infinity":3,"f:33:4:33:11":1,"s:34:6:62:Infinity":4,"b:36:8:41:Infinity:undefined:undefined:undefined:undefined":2,"s:36:8:41:Infinity":5,"s:37:10:37:Infinity":6,"s:38:10:38:Infinity":7,"s:39:10:39:Infinity":8,"f:39:21:39:27":2,"s:39:27:39:45":9,"s:40:10:40:Infinity":10,"s:44:25:44:Infinity":11,"s:45:8:45:Infinity":12,"s:46:8:46:Infinity":13,"s:47:8:47:Infinity":14,"s:48:8:48:Infinity":15,"s:49:8:49:Infinity":16,"s:50:8:50:Infinity":17,"s:51:24:51:Infinity":18,"s:52:8:52:Infinity":19,"b:54:8:58:Infinity:undefined:undefined:undefined:undefined":3,"s:54:8:58:Infinity":20,"s:55:10:55:Infinity":21,"s:56:10:56:Infinity":22,"f:56:21:56:27":3,"s:56:27:56:45":23,"s:57:10:57:Infinity":24,"s:59:8:59:Infinity":25,"s:61:8:61:Infinity":26,"s:67:2:67:Infinity":27}}}
,"C:\\projects\\2026\\neylin\\frontend\\src\\shared\\lib\\viewport\\viewport.ts": {"path":"C:\\projects\\2026\\neylin\\frontend\\src\\shared\\lib\\viewport\\viewport.ts","statementMap":{"0":{"start":{"line":23,"column":2},"end":{"line":28,"column":null}},"1":{"start":{"line":39,"column":2},"end":{"line":44,"column":null}},"2":{"start":{"line":56,"column":17},"end":{"line":56,"column":null}},"3":{"start":{"line":59,"column":15},"end":{"line":59,"column":null}},"4":{"start":{"line":60,"column":15},"end":{"line":60,"column":null}},"5":{"start":{"line":61,"column":2},"end":{"line":61,"column":null}},"6":{"start":{"line":64,"column":15},"end":{"line":64,"column":null}},"7":{"start":{"line":65,"column":15},"end":{"line":65,"column":null}},"8":{"start":{"line":66,"column":2},"end":{"line":66,"column":null}},"9":{"start":{"line":68,"column":2},"end":{"line":68,"column":null}}},"fnMap":{"0":{"name":"getViewportBounds","decl":{"start":{"line":22,"column":16},"end":{"line":22,"column":52}},"loc":{"start":{"line":22,"column":52},"end":{"line":29,"column":null}},"line":22},"1":{"name":"detectCollisions","decl":{"start":{"line":34,"column":16},"end":{"line":34,"column":null}},"loc":{"start":{"line":38,"column":19},"end":{"line":45,"column":null}},"line":38},"2":{"name":"constrainToViewport","decl":{"start":{"line":50,"column":16},"end":{"line":50,"column":null}},"loc":{"start":{"line":55,"column":28},"end":{"line":69,"column":null}},"line":55}},"branchMap":{"0":{"loc":{"start":{"line":37,"column":2},"end":{"line":37,"column":null}},"type":"default-arg","locations":[{"start":{"line":37,"column":12},"end":{"line":37,"column":null}}],"line":37},"1":{"loc":{"start":{"line":54,"column":2},"end":{"line":54,"column":null}},"type":"default-arg","locations":[{"start":{"line":54,"column":12},"end":{"line":54,"column":null}}],"line":54}},"s":{"0":1,"1":1,"2":1,"3":1,"4":1,"5":1,"6":1,"7":1,"8":1,"9":1},"f":{"0":1,"1":1,"2":1},"b":{"0":[1],"1":[1]},"meta":{"lastBranch":2,"lastFunction":3,"lastStatement":10,"seen":{"f:22:16:22:52":0,"s:23:2:28:Infinity":0,"f:34:16:34:Infinity":1,"b:37:12:37:Infinity":0,"s:39:2:44:Infinity":1,"f:50:16:50:Infinity":2,"b:54:12:54:Infinity":1,"s:56:17:56:Infinity":2,"s:59:15:59:Infinity":3,"s:60:15:60:Infinity":4,"s:61:2:61:Infinity":5,"s:64:15:64:Infinity":6,"s:65:15:65:Infinity":7,"s:66:2:66:Infinity":8,"s:68:2:68:Infinity":9}}}
,"C:\\projects\\2026\\neylin\\frontend\\src\\shared\\lib\\websocket-client\\websocket-client.ts": {"path":"C:\\projects\\2026\\neylin\\frontend\\src\\shared\\lib\\websocket-client\\websocket-client.ts","statementMap":{"0":{"start":{"line":10,"column":33},"end":{"line":10,"column":null}},"1":{"start":{"line":11,"column":55},"end":{"line":11,"column":null}},"2":{"start":{"line":12,"column":30},"end":{"line":12,"column":null}},"3":{"start":{"line":13,"column":26},"end":{"line":13,"column":null}},"4":{"start":{"line":14,"column":31},"end":{"line":14,"column":null}},"5":{"start":{"line":15,"column":16},"end":{"line":15,"column":null}},"6":{"start":{"line":16,"column":18},"end":{"line":16,"column":null}},"7":{"start":{"line":19,"column":4},"end":{"line":19,"column":null}},"8":{"start":{"line":20,"column":4},"end":{"line":20,"column":null}},"9":{"start":{"line":21,"column":4},"end":{"line":21,"column":null}},"10":{"start":{"line":23,"column":4},"end":{"line":26,"column":null}},"11":{"start":{"line":24,"column":6},"end":{"line":24,"column":null}},"12":{"start":{"line":25,"column":6},"end":{"line":25,"column":null}},"13":{"start":{"line":25,"column":33},"end":{"line":25,"column":52}},"14":{"start":{"line":28,"column":4},"end":{"line":31,"column":null}},"15":{"start":{"line":29,"column":33},"end":{"line":29,"column":null}},"16":{"start":{"line":30,"column":6},"end":{"line":30,"column":null}},"17":{"start":{"line":30,"column":58},"end":{"line":30,"column":74}},"18":{"start":{"line":33,"column":4},"end":{"line":43,"column":null}},"19":{"start":{"line":34,"column":6},"end":{"line":42,"column":null}},"20":{"start":{"line":35,"column":8},"end":{"line":41,"column":null}},"21":{"start":{"line":37,"column":12},"end":{"line":37,"column":null}},"22":{"start":{"line":38,"column":12},"end":{"line":38,"column":null}},"23":{"start":{"line":45,"column":4},"end":{"line":47,"column":null}},"24":{"start":{"line":51,"column":4},"end":{"line":53,"column":null}},"25":{"start":{"line":52,"column":6},"end":{"line":52,"column":null}},"26":{"start":{"line":54,"column":4},"end":{"line":54,"column":null}},"27":{"start":{"line":56,"column":4},"end":{"line":58,"column":null}},"28":{"start":{"line":57,"column":6},"end":{"line":57,"column":null}},"29":{"start":{"line":62,"column":4},"end":{"line":62,"column":null}},"30":{"start":{"line":63,"column":4},"end":{"line":63,"column":null}},"31":{"start":{"line":67,"column":4},"end":{"line":67,"column":null}},"32":{"start":{"line":68,"column":4},"end":{"line":68,"column":null}},"33":{"start":{"line":72,"column":4},"end":{"line":74,"column":null}},"34":{"start":{"line":73,"column":6},"end":{"line":73,"column":null}},"35":{"start":{"line":78,"column":4},"end":{"line":78,"column":null}},"36":{"start":{"line":79,"column":4},"end":{"line":79,"column":null}},"37":{"start":{"line":83,"column":24},"end":{"line":83,"column":null}}},"fnMap":{"0":{"name":"(anonymous_0)","decl":{"start":{"line":18,"column":2},"end":{"line":18,"column":10}},"loc":{"start":{"line":18,"column":38},"end":{"line":48,"column":null}},"line":18},"1":{"name":"(anonymous_1)","decl":{"start":{"line":23,"column":21},"end":{"line":23,"column":27}},"loc":{"start":{"line":23,"column":27},"end":{"line":26,"column":null}},"line":23},"2":{"name":"(anonymous_2)","decl":{"start":{"line":25,"column":25},"end":{"line":25,"column":33}},"loc":{"start":{"line":25,"column":33},"end":{"line":25,"column":52}},"line":25},"3":{"name":"(anonymous_3)","decl":{"start":{"line":28,"column":24},"end":{"line":28,"column":33}},"loc":{"start":{"line":28,"column":33},"end":{"line":31,"column":null}},"line":28},"4":{"name":"(anonymous_4)","decl":{"start":{"line":30,"column":47},"end":{"line":30,"column":58}},"loc":{"start":{"line":30,"column":58},"end":{"line":30,"column":74}},"line":30},"5":{"name":"(anonymous_5)","decl":{"start":{"line":33,"column":22},"end":{"line":33,"column":28}},"loc":{"start":{"line":33,"column":28},"end":{"line":43,"column":null}},"line":33},"6":{"name":"(anonymous_6)","decl":{"start":{"line":36,"column":10},"end":{"line":36,"column":16}},"loc":{"start":{"line":36,"column":16},"end":{"line":39,"column":null}},"line":36},"7":{"name":"(anonymous_7)","decl":{"start":{"line":45,"column":22},"end":{"line":45,"column":28}},"loc":{"start":{"line":45,"column":28},"end":{"line":47,"column":null}},"line":45},"8":{"name":"(anonymous_8)","decl":{"start":{"line":50,"column":2},"end":{"line":50,"column":12}},"loc":{"start":{"line":50,"column":51},"end":{"line":59,"column":null}},"line":50},"9":{"name":"(anonymous_9)","decl":{"start":{"line":56,"column":11},"end":{"line":56,"column":17}},"loc":{"start":{"line":56,"column":17},"end":{"line":58,"column":null}},"line":56},"10":{"name":"(anonymous_10)","decl":{"start":{"line":61,"column":2},"end":{"line":61,"column":11}},"loc":{"start":{"line":61,"column":27},"end":{"line":64,"column":null}},"line":61},"11":{"name":"(anonymous_11)","decl":{"start":{"line":66,"column":2},"end":{"line":66,"column":12}},"loc":{"start":{"line":66,"column":28},"end":{"line":69,"column":null}},"line":66},"12":{"name":"(anonymous_12)","decl":{"start":{"line":71,"column":2},"end":{"line":71,"column":7}},"loc":{"start":{"line":71,"column":27},"end":{"line":75,"column":null}},"line":71},"13":{"name":"(anonymous_13)","decl":{"start":{"line":77,"column":2},"end":{"line":77,"column":15}},"loc":{"start":{"line":77,"column":15},"end":{"line":80,"column":null}},"line":77}},"branchMap":{"0":{"loc":{"start":{"line":34,"column":6},"end":{"line":42,"column":null}},"type":"if","locations":[{"start":{"line":34,"column":6},"end":{"line":42,"column":null}},{"start":{},"end":{}}],"line":34},"1":{"loc":{"start":{"line":51,"column":4},"end":{"line":53,"column":null}},"type":"if","locations":[{"start":{"line":51,"column":4},"end":{"line":53,"column":null}},{"start":{},"end":{}}],"line":51},"2":{"loc":{"start":{"line":72,"column":4},"end":{"line":74,"column":null}},"type":"if","locations":[{"start":{"line":72,"column":4},"end":{"line":74,"column":null}},{"start":{},"end":{}}],"line":72}},"s":{"0":11,"1":11,"2":11,"3":11,"4":11,"5":11,"6":11,"7":11,"8":11,"9":11,"10":11,"11":1,"12":1,"13":1,"14":11,"15":3,"16":3,"17":3,"18":11,"19":12,"20":10,"21":1,"22":1,"23":11,"24":4,"25":3,"26":4,"27":4,"28":1,"29":4,"30":4,"31":1,"32":1,"33":6,"34":4,"35":10,"36":10,"37":11},"f":{"0":11,"1":1,"2":1,"3":3,"4":3,"5":12,"6":1,"7":1,"8":4,"9":1,"10":4,"11":1,"12":6,"13":10},"b":{"0":[10,2],"1":[3,1],"2":[4,2]},"meta":{"lastBranch":3,"lastFunction":14,"lastStatement":38,"seen":{"s:10:33:10:Infinity":0,"s:11:55:11:Infinity":1,"s:12:30:12:Infinity":2,"s:13:26:13:Infinity":3,"s:14:31:14:Infinity":4,"s:15:16:15:Infinity":5,"s:16:18:16:Infinity":6,"f:18:2:18:10":0,"s:19:4:19:Infinity":7,"s:20:4:20:Infinity":8,"s:21:4:21:Infinity":9,"s:23:4:26:Infinity":10,"f:23:21:23:27":1,"s:24:6:24:Infinity":11,"s:25:6:25:Infinity":12,"f:25:25:25:33":2,"s:25:33:25:52":13,"s:28:4:31:Infinity":14,"f:28:24:28:33":3,"s:29:33:29:Infinity":15,"s:30:6:30:Infinity":16,"f:30:47:30:58":4,"s:30:58:30:74":17,"s:33:4:43:Infinity":18,"f:33:22:33:28":5,"b:34:6:42:Infinity:undefined:undefined:undefined:undefined":0,"s:34:6:42:Infinity":19,"s:35:8:41:Infinity":20,"f:36:10:36:16":6,"s:37:12:37:Infinity":21,"s:38:12:38:Infinity":22,"s:45:4:47:Infinity":23,"f:45:22:45:28":7,"f:50:2:50:12":8,"b:51:4:53:Infinity:undefined:undefined:undefined:undefined":1,"s:51:4:53:Infinity":24,"s:52:6:52:Infinity":25,"s:54:4:54:Infinity":26,"s:56:4:58:Infinity":27,"f:56:11:56:17":9,"s:57:6:57:Infinity":28,"f:61:2:61:11":10,"s:62:4:62:Infinity":29,"s:63:4:63:Infinity":30,"f:66:2:66:12":11,"s:67:4:67:Infinity":31,"s:68:4:68:Infinity":32,"f:71:2:71:7":12,"b:72:4:74:Infinity:undefined:undefined:undefined:undefined":2,"s:72:4:74:Infinity":33,"s:73:6:73:Infinity":34,"f:77:2:77:15":13,"s:78:4:78:Infinity":35,"s:79:4:79:Infinity":36,"s:83:24:83:Infinity":37}}}
}
